#
# A fatal error has been detected by the Java Runtime Environment:
#
#  SIGSEGV (0xb) at pc=0x00007fed19ec60be, pid=8721, tid=8729
#
# JRE version: OpenJDK Runtime Environment (11.0.10) (build 11.0.10+0-b96-7249189)
# Java VM: OpenJDK 64-Bit Server VM (11.0.10+0-b96-7249189, mixed mode, tiered, compressed oops, g1 gc, linux-amd64)
# Problematic frame:
# V  [libjvm.so+0x6d70be]  void OopOopIterateDispatch<G1ConcurrentRefineOopClosure>::Table::oop_oop_iterate<InstanceKlass, unsigned int>(G1ConcurrentRefineOopClosure*, oopDesc*, Klass*)+0xde
#
# Core dump will be written. Default location: Core dumps may be processed with "/usr/share/apport/apport %p %s %c %d %P %E" (or dumping to /home/kaustubh/AndroidDevProjects/LoginSignUp/core.8721)
#
# If you would like to submit a bug report, please visit:
#   https://bugreport.java.com/bugreport/crash.jsp
#

---------------  S U M M A R Y ------------

Command Line: --add-opens=java.base/java.util=ALL-UNNAMED --add-opens=java.base/java.lang=ALL-UNNAMED --add-opens=java.base/java.lang.invoke=ALL-UNNAMED --add-opens=java.base/java.util=ALL-UNNAMED --add-opens=java.prefs/java.util.prefs=ALL-UNNAMED --add-opens=java.prefs/java.util.prefs=ALL-UNNAMED --add-opens=java.base/java.nio.charset=ALL-UNNAMED --add-opens=java.base/java.net=ALL-UNNAMED --add-opens=java.base/java.util.concurrent.atomic=ALL-UNNAMED -Xmx2048m -Dfile.encoding=UTF-8 -Duser.country=IN -Duser.language=en -Duser.variant org.gradle.launcher.daemon.bootstrap.GradleDaemon 7.0.2

Host: Intel(R) Core(TM) i7-2600S CPU @ 2.80GHz, 8 cores, 15G, Ubuntu 20.04.3 LTS
Time: Tue Sep 21 19:49:50 2021 IST elapsed time: 1.405645 seconds (0d 0h 0m 1s)

---------------  T H R E A D  ---------------

Current thread (0x00007fed14155800):  ConcurrentGCThread "G1 Refine#0" [stack: 0x00007fecedf00000,0x00007fecee000000] [id=8729]

Stack: [0x00007fecedf00000,0x00007fecee000000],  sp=0x00007fecedffec30,  free space=1019k
Native frames: (J=compiled Java code, A=aot compiled Java code, j=interpreted, Vv=VM code, C=native code)
V  [libjvm.so+0x6d70be]  void OopOopIterateDispatch<G1ConcurrentRefineOopClosure>::Table::oop_oop_iterate<InstanceKlass, unsigned int>(G1ConcurrentRefineOopClosure*, oopDesc*, Klass*)+0xde
V  [libjvm.so+0x6d3886]  bool HeapRegion::oops_on_card_seq_iterate_careful<false, G1ConcurrentRefineOopClosure>(MemRegion, G1ConcurrentRefineOopClosure*)+0x86
V  [libjvm.so+0x6d3059]  G1RemSet::refine_card_concurrently(signed char*, unsigned int)+0x119
V  [libjvm.so+0x663b34]  G1RefineCardConcurrentlyClosure::do_card_ptr(signed char*, unsigned int)+0x24
V  [libjvm.so+0x663641]  DirtyCardQueueSet::apply_closure_to_completed_buffer(CardTableEntryClosure*, unsigned int, unsigned long, bool)+0xb1
V  [libjvm.so+0x663584]  DirtyCardQueueSet::refine_completed_buffer_concurrently(unsigned int, unsigned long)+0x24
V  [libjvm.so+0x6b2a6b]  G1ConcurrentRefineThread::run_service()+0x22b
V  [libjvm.so+0x5be4ff]  ConcurrentGCThread::run()+0x7f
V  [libjvm.so+0xbca448]  Thread::call_run()+0x68
V  [libjvm.so+0xa7d25e]  thread_native_entry(Thread*)+0x1be


siginfo: si_signo: 11 (SIGSEGV), si_code: 1 (SEGV_MAPERR), si_addr: 0x0000000000000118

Register to memory mapping:

RAX=0x00007fed14041a70 points into unknown readable memory: 0xffffffffffffffff | ff ff ff ff ff ff ff ff
RBX=0x0000000080946b00 is pointing into object: java.util.HashMap$Node 
{0x0000000080946ae8} - klass: 'java/util/HashMap$Node'
RCX=0x00007fed14041980 points into unknown readable memory: 0x00007fed14041a70 | 70 1a 04 14 ed 7f 00 00
RDX=0x00007fed14024d70 points into unknown readable memory: 0x00007fed1a9c2e50 | 50 2e 9c 1a ed 7f 00 00
RSP=0x00007fecedffec30 points into unknown readable memory: 0x0000000100032650 | 50 26 03 00 01 00 00 00
RBP=0x00007fecedffec70 points into unknown readable memory: 0x00007fecedffecd0 | d0 ec ff ed ec 7f 00 00
RSI=0x00007fed1815b000 points into unknown readable memory: 0x00007fed1815f000 | 00 f0 15 18 ed 7f 00 00
RDI=0x0 is NULL
R8 =0x0000000000000040 is an unknown value
R9 =0x00007fed1408e720 points into unknown readable memory: 0x00007fed1a9c6988 | 88 69 9c 1a ed 7f 00 00
R10=0x00007fed1411fbe0 points into unknown readable memory: 0x0000000000000009 | 09 00 00 00 00 00 00 00
R11=0x0000000000000014 is an unknown value
R12=0x00007fed1aa29a08: <offset 0x000000000123aa08> in /snap/android-studio/114/android-studio/jre/lib/server/libjvm.so at 0x00007fed197ef000
R13=0x0000000080946b04 is pointing into object: java.util.HashMap$Node 
{0x0000000080946ae8} - klass: 'java/util/HashMap$Node'
R14=0x00007fed1a9fe388: <offset 0x000000000120f388> in /snap/android-studio/114/android-studio/jre/lib/server/libjvm.so at 0x00007fed197ef000
R15=0x00007fecedffece8 points into unknown readable memory: 0x00007fed1a9c4db8 | b8 4d 9c 1a ed 7f 00 00


Registers:
RAX=0x00007fed14041a70, RBX=0x0000000080946b00, RCX=0x00007fed14041980, RDX=0x00007fed14024d70
RSP=0x00007fecedffec30, RBP=0x00007fecedffec70, RSI=0x00007fed1815b000, RDI=0x0000000000000000
R8 =0x0000000000000040, R9 =0x00007fed1408e720, R10=0x00007fed1411fbe0, R11=0x0000000000000014
R12=0x00007fed1aa29a08, R13=0x0000000080946b04, R14=0x00007fed1a9fe388, R15=0x00007fecedffece8
RIP=0x00007fed19ec60be, EFLAGS=0x0000000000010246, CSGSFS=0x002b000000000033, ERR=0x0000000000000004
  TRAPNO=0x000000000000000e

Top of Stack: (sp=0x00007fecedffec30)
0x00007fecedffec30:   0000000100032650 0000000080946ae8
0x00007fecedffec40:   0000000100032648 00007fed140595e8
0x00007fecedffec50:   0000000080946b08 00007fed1408e720
0x00007fecedffec60:   0000000080946c00 0000000080946ae8 

Instructions: (pc=0x00007fed19ec60be)
0x00007fed19ec5fbe:   48 8d 05 2b 01 00 00 48 8d 0d 14 00 00 00 48 0f
0x00007fed19ec5fce:   44 c8 48 89 0d 89 1e b6 00 5d ff e1 66 0f 1f 44
0x00007fed19ec5fde:   00 00 55 48 89 e5 41 57 41 56 41 55 41 54 53 48
0x00007fed19ec5fee:   83 ec 18 48 89 d3 48 89 75 c8 49 89 ff 48 89 d7
0x00007fed19ec5ffe:   e8 ed 44 22 00 8b 8b 30 01 00 00 48 85 c9 0f 84
0x00007fed19ec600e:   ca 00 00 00 48 63 93 c4 00 00 00 48 8d 04 d0 48
0x00007fed19ec601e:   63 93 34 01 00 00 48 8d 14 d0 48 8d 04 ca 48 89
0x00007fed19ec602e:   45 c0 4c 8d 35 51 83 b3 00 4c 8d 25 ca 39 b6 00
0x00007fed19ec603e:   eb 12 48 8b 55 d0 48 83 c2 08 48 3b 55 c0 0f 83
0x00007fed19ec604e:   8a 00 00 00 48 89 55 d0 8b 42 04 48 85 c0 74 e2
0x00007fed19ec605e:   48 8b 4d d0 48 63 19 48 03 5d c8 4c 8d 2c 83 eb
0x00007fed19ec606e:   0a 90 48 83 c3 04 4c 39 eb 73 c7 8b 03 48 85 c0
0x00007fed19ec607e:   74 f0 41 0f b6 4e 08 48 d3 e0 49 03 06 48 89 c2
0x00007fed19ec608e:   48 31 da 41 0f b6 0c 24 48 d3 ea 48 85 d2 74 d2
0x00007fed19ec609e:   49 8b 57 10 0f b6 8a c0 02 00 00 48 d3 e8 48 8b
0x00007fed19ec60ae:   8a b0 02 00 00 48 8b 04 c1 48 8b b8 f8 00 00 00
0x00007fed19ec60be:   83 bf 18 01 00 00 00 74 a9 41 8b 57 18 48 81 c7
0x00007fed19ec60ce:   90 00 00 00 48 89 de e8 c6 27 06 00 eb 94 48 83
0x00007fed19ec60de:   c4 18 5b 41 5c 41 5d 41 5e 41 5f 5d c3 0f 1f 44
0x00007fed19ec60ee:   00 00 55 48 89 e5 41 57 41 56 41 55 41 54 53 48
0x00007fed19ec60fe:   83 ec 18 48 89 d3 48 89 75 d0 49 89 ff 48 89 d7
0x00007fed19ec610e:   e8 dd 43 22 00 8b 8b 30 01 00 00 48 85 c9 0f 84
0x00007fed19ec611e:   bf 00 00 00 48 63 93 c4 00 00 00 48 8d 04 d0 48
0x00007fed19ec612e:   63 93 34 01 00 00 4c 8d 24 d0 49 8d 04 cc 48 89
0x00007fed19ec613e:   45 c8 4c 8d 35 c1 38 b6 00 eb 15 0f 1f 80 00 00
0x00007fed19ec614e:   00 00 49 83 c4 08 4c 3b 65 c8 0f 83 83 00 00 00
0x00007fed19ec615e:   41 8b 44 24 04 48 85 c0 74 e8 49 63 1c 24 48 03
0x00007fed19ec616e:   5d d0 4c 8d 2c c3 eb 13 66 2e 0f 1f 84 00 00 00
0x00007fed19ec617e:   00 00 48 83 c3 08 4c 39 eb 73 c7 48 8b 03 48 85
0x00007fed19ec618e:   c0 74 ef 48 89 c2 48 31 da 41 0f b6 0e 48 d3 ea
0x00007fed19ec619e:   48 85 d2 74 dd 49 8b 57 10 0f b6 8a c0 02 00 00
0x00007fed19ec61ae:   48 d3 e8 48 8b 8a b0 02 00 00 48 8b 04 c1 48 8b 


Stack slot to memory mapping:
stack at sp + 0 slots: 0x0000000100032650 is a pointer to class: 
stack at sp + 1 slots: 0x0000000080946ae8 is an oop: java.util.HashMap$Node 
{0x0000000080946ae8} - klass: 'java/util/HashMap$Node'
stack at sp + 2 slots: 0x0000000100032648 is pointing into metadata
stack at sp + 3 slots: 0x00007fed140595e8 points into unknown readable memory: 0x0000000080000000 | 00 00 00 80 00 00 00 00
stack at sp + 4 slots: 0x0000000080946b08 is an oop: java.util.HashMap$Node 
{0x0000000080946b08} - klass: 'java/util/HashMap$Node'
stack at sp + 5 slots: 0x00007fed1408e720 points into unknown readable memory: 0x00007fed1a9c6988 | 88 69 9c 1a ed 7f 00 00
stack at sp + 6 slots: 0x0000000080946c00 is pointing into object: [Ljava.util.HashMap$Node; 
{0x0000000080946bc8} - klass: 'java/util/HashMap$Node'[]
 - length: 16
stack at sp + 7 slots: 0x0000000080946ae8 is an oop: java.util.HashMap$Node 
{0x0000000080946ae8} - klass: 'java/util/HashMap$Node'


---------------  P R O C E S S  ---------------

Threads class SMR info:
_java_thread_list=0x00007fec84014d10, length=21, elements={
0x00007fed14017000, 0x00007fed141c4800, 0x00007fed141c9000, 0x00007fed141de000,
0x00007fed141e0000, 0x00007fed141e2000, 0x00007fed141e4000, 0x00007fed141e6000,
0x00007fed1428b800, 0x00007feccc11d800, 0x00007feccc1ca000, 0x00007fed154f6000,
0x00007fed15565800, 0x00007fed155c1000, 0x00007fec90031000, 0x00007fec88004000,
0x00007fec88008800, 0x00007fec8800b800, 0x00007fec84006800, 0x00007fec84009800,
0x00007fec84014000
}

Java Threads: ( => current thread )
  0x00007fed14017000 JavaThread "main" [_thread_blocked, id=8725, stack(0x00007fed1959f000,0x00007fed196a0000)]
  0x00007fed141c4800 JavaThread "Reference Handler" daemon [_thread_blocked, id=8732, stack(0x00007feced31d000,0x00007feced41e000)]
  0x00007fed141c9000 JavaThread "Finalizer" daemon [_thread_blocked, id=8733, stack(0x00007feced21c000,0x00007feced31d000)]
  0x00007fed141de000 JavaThread "Signal Dispatcher" daemon [_thread_blocked, id=8734, stack(0x00007fececbab000,0x00007fececcac000)]
  0x00007fed141e0000 JavaThread "Service Thread" daemon [_thread_blocked, id=8735, stack(0x00007fececaaa000,0x00007fececbab000)]
  0x00007fed141e2000 JavaThread "C2 CompilerThread0" daemon [_thread_blocked, id=8736, stack(0x00007fecec9a9000,0x00007fececaaa000)]
  0x00007fed141e4000 JavaThread "C1 CompilerThread0" daemon [_thread_blocked, id=8737, stack(0x00007fecec8a8000,0x00007fecec9a9000)]
  0x00007fed141e6000 JavaThread "Sweeper thread" daemon [_thread_blocked, id=8738, stack(0x00007fecec7a7000,0x00007fecec8a8000)]
  0x00007fed1428b800 JavaThread "Common-Cleaner" daemon [_thread_blocked, id=8739, stack(0x00007fecec6a6000,0x00007fecec7a7000)]
  0x00007feccc11d800 JavaThread "C2 CompilerThread1" daemon [_thread_blocked, id=8741, stack(0x00007fecec04d000,0x00007fecec14e000)]
  0x00007feccc1ca000 JavaThread "C2 CompilerThread2" daemon [_thread_in_vm, id=8743, stack(0x00007fecb7eff000,0x00007fecb8000000)]
  0x00007fed154f6000 JavaThread "Daemon health stats" [_thread_blocked, id=8749, stack(0x00007fecb6aac000,0x00007fecb6bad000)]
  0x00007fed15565800 JavaThread "Incoming local TCP Connector on port 33475" [_thread_in_native, id=8750, stack(0x00007fecb65a8000,0x00007fecb66a9000)]
  0x00007fed155c1000 JavaThread "Daemon periodic checks" [_thread_blocked, id=8751, stack(0x00007fecb62b1000,0x00007fecb63b2000)]
  0x00007fec90031000 JavaThread "Daemon" [_thread_blocked, id=8752, stack(0x00007fecb61b0000,0x00007fecb62b1000)]
  0x00007fec88004000 JavaThread "Handler for socket connection from /127.0.0.1:33475 to /127.0.0.1:38516" [_thread_in_native, id=8753, stack(0x00007fecb64a7000,0x00007fecb65a8000)]
  0x00007fec88008800 JavaThread "Cancel handler" [_thread_blocked, id=8754, stack(0x00007fecb5eaf000,0x00007fecb5fb0000)]
  0x00007fec8800b800 JavaThread "Daemon worker" [_thread_in_vm, id=8755, stack(0x00007fecb5dae000,0x00007fecb5eaf000)]
  0x00007fec84006800 JavaThread "Asynchronous log dispatcher for DefaultDaemonConnection: socket connection from /127.0.0.1:33475 to /127.0.0.1:38516" [_thread_blocked, id=8758, stack(0x00007fecb5cad000,0x00007fecb5dae000)]
  0x00007fec84009800 JavaThread "Stdin handler" [_thread_blocked, id=8759, stack(0x00007fecb5bac000,0x00007fecb5cad000)]
  0x00007fec84014000 JavaThread "Daemon client event forwarder" [_thread_blocked, id=8760, stack(0x00007fecb5aab000,0x00007fecb5bac000)]

Other Threads:
  0x00007fed141bc000 VMThread "VM Thread" [stack: 0x00007feced420000,0x00007feced520000] [id=8731]
  0x00007fed14291000 WatcherThread [stack: 0x00007fecec5a6000,0x00007fecec6a6000] [id=8740]
  0x00007fed1402f800 GCTaskThread "GC Thread#0" [stack: 0x00007fed189ea000,0x00007fed18aea000] [id=8726]
  0x00007fece4001000 GCTaskThread "GC Thread#1" [stack: 0x00007fecb75c2000,0x00007fecb76c2000] [id=8744]
  0x00007fece4002800 GCTaskThread "GC Thread#2" [stack: 0x00007fecb74c0000,0x00007fecb75c0000] [id=8745]
  0x00007fece4004000 GCTaskThread "GC Thread#3" [stack: 0x00007fecb73be000,0x00007fecb74be000] [id=8746]
  0x00007fece4005800 GCTaskThread "GC Thread#4" [stack: 0x00007fecb72bc000,0x00007fecb73bc000] [id=8747]
  0x00007fece4007000 GCTaskThread "GC Thread#5" [stack: 0x00007fecb71ba000,0x00007fecb72ba000] [id=8748]
  0x00007fece408a000 GCTaskThread "GC Thread#6" [stack: 0x00007fecb59ab000,0x00007fecb5aab000] [id=8761]
  0x00007fece408b800 GCTaskThread "GC Thread#7" [stack: 0x00007fecb58a9000,0x00007fecb59a9000] [id=8762]
  0x00007fed14062800 ConcurrentGCThread "G1 Main Marker" [stack: 0x00007fed1805b000,0x00007fed1815b000] [id=8727]
  0x00007fed14064000 ConcurrentGCThread "G1 Conc#0" [stack: 0x00007fed00832000,0x00007fed00932000] [id=8728]
=>0x00007fed14155800 ConcurrentGCThread "G1 Refine#0" [stack: 0x00007fecedf00000,0x00007fecee000000] [id=8729]
  0x00007fece8002000 ConcurrentGCThread "G1 Refine#1" [stack: 0x00007fecb57a7000,0x00007fecb58a7000] [id=8763]
  0x00007fec6c001000 ConcurrentGCThread "G1 Refine#2" [stack: 0x00007fecb56a5000,0x00007fecb57a5000] [id=8764]
  0x00007fed14157000 ConcurrentGCThread "G1 Young RemSet Sampling" [stack: 0x00007feceddfe000,0x00007fecedefe000] [id=8730]

Threads with active compile tasks:

VM state:not at safepoint (normal execution)

VM Mutex/Monitor currently owned by a thread: None

Heap address: 0x0000000080000000, size: 2048 MB, Compressed Oops mode: 32-bit
Narrow klass base: 0x0000000000000000, Narrow klass shift: 3
Compressed class space size: 1073741824 Address: 0x0000000100000000

Heap:
 garbage-first heap   total 256000K, used 19633K [0x0000000080000000, 0x0000000100000000)
  region size 1024K, 13 young (13312K), 8 survivors (8192K)
 Metaspace       used 17530K, capacity 17925K, committed 18176K, reserved 1064960K
  class space    used 2073K, capacity 2208K, committed 2304K, reserved 1048576K
Heap Regions: E=young(eden), S=young(survivor), O=old, HS=humongous(starts), HC=humongous(continues), CS=collection set, F=free, A=archive, TAMS=top-at-mark-start (previous, next)
|   0|0x0000000080000000, 0x0000000080000000, 0x0000000080100000|  0%| F|  |TAMS 0x0000000080000000, 0x0000000080000000| Untracked 
|   1|0x0000000080100000, 0x000000008012c600, 0x0000000080200000| 17%| O|  |TAMS 0x0000000080100000, 0x0000000080100000| Untracked 
|   2|0x0000000080200000, 0x0000000080200000, 0x0000000080300000|  0%| F|  |TAMS 0x0000000080200000, 0x0000000080200000| Untracked 
|   3|0x0000000080300000, 0x0000000080400000, 0x0000000080400000|100%|HS|  |TAMS 0x0000000080300000, 0x0000000080300000| Complete 
|   4|0x0000000080400000, 0x0000000080500000, 0x0000000080500000|100%|HC|  |TAMS 0x0000000080400000, 0x0000000080400000| Complete 
|   5|0x0000000080500000, 0x0000000080600000, 0x0000000080600000|100%|HC|  |TAMS 0x0000000080500000, 0x0000000080500000| Complete 
|   6|0x0000000080600000, 0x0000000080700000, 0x0000000080700000|100%| O|  |TAMS 0x0000000080600000, 0x0000000080600000| Untracked 
|   7|0x0000000080700000, 0x0000000080800000, 0x0000000080800000|100%| O|  |TAMS 0x0000000080700000, 0x0000000080700000| Untracked 
|   8|0x0000000080800000, 0x0000000080900000, 0x0000000080900000|100%| O|  |TAMS 0x0000000080800000, 0x0000000080800000| Untracked 
|   9|0x0000000080900000, 0x0000000080a00000, 0x0000000080a00000|100%| O|  |TAMS 0x0000000080900000, 0x0000000080900000| Untracked 
|  10|0x0000000080a00000, 0x0000000080a00000, 0x0000000080b00000|  0%| F|  |TAMS 0x0000000080a00000, 0x0000000080a00000| Untracked 
|  11|0x0000000080b00000, 0x0000000080b00000, 0x0000000080c00000|  0%| F|  |TAMS 0x0000000080b00000, 0x0000000080b00000| Untracked 
|  12|0x0000000080c00000, 0x0000000080c00000, 0x0000000080d00000|  0%| F|  |TAMS 0x0000000080c00000, 0x0000000080c00000| Untracked 
|  13|0x0000000080d00000, 0x0000000080d00000, 0x0000000080e00000|  0%| F|  |TAMS 0x0000000080d00000, 0x0000000080d00000| Untracked 
|  14|0x0000000080e00000, 0x0000000080e00000, 0x0000000080f00000|  0%| F|  |TAMS 0x0000000080e00000, 0x0000000080e00000| Untracked 
|  15|0x0000000080f00000, 0x0000000080f00000, 0x0000000081000000|  0%| F|  |TAMS 0x0000000080f00000, 0x0000000080f00000| Untracked 
|  16|0x0000000081000000, 0x0000000081000000, 0x0000000081100000|  0%| F|  |TAMS 0x0000000081000000, 0x0000000081000000| Untracked 
|  17|0x0000000081100000, 0x0000000081100000, 0x0000000081200000|  0%| F|  |TAMS 0x0000000081100000, 0x0000000081100000| Untracked 
|  18|0x0000000081200000, 0x0000000081200000, 0x0000000081300000|  0%| F|  |TAMS 0x0000000081200000, 0x0000000081200000| Untracked 
|  19|0x0000000081300000, 0x0000000081300000, 0x0000000081400000|  0%| F|  |TAMS 0x0000000081300000, 0x0000000081300000| Untracked 
|  20|0x0000000081400000, 0x0000000081400000, 0x0000000081500000|  0%| F|  |TAMS 0x0000000081400000, 0x0000000081400000| Untracked 
|  21|0x0000000081500000, 0x0000000081500000, 0x0000000081600000|  0%| F|  |TAMS 0x0000000081500000, 0x0000000081500000| Untracked 
|  22|0x0000000081600000, 0x0000000081600000, 0x0000000081700000|  0%| F|  |TAMS 0x0000000081600000, 0x0000000081600000| Untracked 
|  23|0x0000000081700000, 0x0000000081700000, 0x0000000081800000|  0%| F|  |TAMS 0x0000000081700000, 0x0000000081700000| Untracked 
|  24|0x0000000081800000, 0x0000000081800000, 0x0000000081900000|  0%| F|  |TAMS 0x0000000081800000, 0x0000000081800000| Untracked 
|  25|0x0000000081900000, 0x0000000081900000, 0x0000000081a00000|  0%| F|  |TAMS 0x0000000081900000, 0x0000000081900000| Untracked 
|  26|0x0000000081a00000, 0x0000000081a00000, 0x0000000081b00000|  0%| F|  |TAMS 0x0000000081a00000, 0x0000000081a00000| Untracked 
|  27|0x0000000081b00000, 0x0000000081b00000, 0x0000000081c00000|  0%| F|  |TAMS 0x0000000081b00000, 0x0000000081b00000| Untracked 
|  28|0x0000000081c00000, 0x0000000081c00000, 0x0000000081d00000|  0%| F|  |TAMS 0x0000000081c00000, 0x0000000081c00000| Untracked 
|  29|0x0000000081d00000, 0x0000000081d00000, 0x0000000081e00000|  0%| F|  |TAMS 0x0000000081d00000, 0x0000000081d00000| Untracked 
|  30|0x0000000081e00000, 0x0000000081e00000, 0x0000000081f00000|  0%| F|  |TAMS 0x0000000081e00000, 0x0000000081e00000| Untracked 
|  31|0x0000000081f00000, 0x0000000081f00000, 0x0000000082000000|  0%| F|  |TAMS 0x0000000081f00000, 0x0000000081f00000| Untracked 
|  32|0x0000000082000000, 0x0000000082000000, 0x0000000082100000|  0%| F|  |TAMS 0x0000000082000000, 0x0000000082000000| Untracked 
|  33|0x0000000082100000, 0x0000000082100000, 0x0000000082200000|  0%| F|  |TAMS 0x0000000082100000, 0x0000000082100000| Untracked 
|  34|0x0000000082200000, 0x0000000082200000, 0x0000000082300000|  0%| F|  |TAMS 0x0000000082200000, 0x0000000082200000| Untracked 
|  35|0x0000000082300000, 0x0000000082300000, 0x0000000082400000|  0%| F|  |TAMS 0x0000000082300000, 0x0000000082300000| Untracked 
|  36|0x0000000082400000, 0x0000000082400000, 0x0000000082500000|  0%| F|  |TAMS 0x0000000082400000, 0x0000000082400000| Untracked 
|  37|0x0000000082500000, 0x0000000082500000, 0x0000000082600000|  0%| F|  |TAMS 0x0000000082500000, 0x0000000082500000| Untracked 
|  38|0x0000000082600000, 0x0000000082600000, 0x0000000082700000|  0%| F|  |TAMS 0x0000000082600000, 0x0000000082600000| Untracked 
|  39|0x0000000082700000, 0x0000000082700000, 0x0000000082800000|  0%| F|  |TAMS 0x0000000082700000, 0x0000000082700000| Untracked 
|  40|0x0000000082800000, 0x0000000082800000, 0x0000000082900000|  0%| F|  |TAMS 0x0000000082800000, 0x0000000082800000| Untracked 
|  41|0x0000000082900000, 0x0000000082900000, 0x0000000082a00000|  0%| F|  |TAMS 0x0000000082900000, 0x0000000082900000| Untracked 
|  42|0x0000000082a00000, 0x0000000082a00000, 0x0000000082b00000|  0%| F|  |TAMS 0x0000000082a00000, 0x0000000082a00000| Untracked 
|  43|0x0000000082b00000, 0x0000000082b00000, 0x0000000082c00000|  0%| F|  |TAMS 0x0000000082b00000, 0x0000000082b00000| Untracked 
|  44|0x0000000082c00000, 0x0000000082c00000, 0x0000000082d00000|  0%| F|  |TAMS 0x0000000082c00000, 0x0000000082c00000| Untracked 
|  45|0x0000000082d00000, 0x0000000082d00000, 0x0000000082e00000|  0%| F|  |TAMS 0x0000000082d00000, 0x0000000082d00000| Untracked 
|  46|0x0000000082e00000, 0x0000000082e00000, 0x0000000082f00000|  0%| F|  |TAMS 0x0000000082e00000, 0x0000000082e00000| Untracked 
|  47|0x0000000082f00000, 0x0000000082f00000, 0x0000000083000000|  0%| F|  |TAMS 0x0000000082f00000, 0x0000000082f00000| Untracked 
|  48|0x0000000083000000, 0x0000000083000000, 0x0000000083100000|  0%| F|  |TAMS 0x0000000083000000, 0x0000000083000000| Untracked 
|  49|0x0000000083100000, 0x0000000083100000, 0x0000000083200000|  0%| F|  |TAMS 0x0000000083100000, 0x0000000083100000| Untracked 
|  50|0x0000000083200000, 0x0000000083200000, 0x0000000083300000|  0%| F|  |TAMS 0x0000000083200000, 0x0000000083200000| Untracked 
|  51|0x0000000083300000, 0x0000000083300000, 0x0000000083400000|  0%| F|  |TAMS 0x0000000083300000, 0x0000000083300000| Untracked 
|  52|0x0000000083400000, 0x0000000083400000, 0x0000000083500000|  0%| F|  |TAMS 0x0000000083400000, 0x0000000083400000| Untracked 
|  53|0x0000000083500000, 0x0000000083500000, 0x0000000083600000|  0%| F|  |TAMS 0x0000000083500000, 0x0000000083500000| Untracked 
|  54|0x0000000083600000, 0x0000000083600000, 0x0000000083700000|  0%| F|  |TAMS 0x0000000083600000, 0x0000000083600000| Untracked 
|  55|0x0000000083700000, 0x0000000083700000, 0x0000000083800000|  0%| F|  |TAMS 0x0000000083700000, 0x0000000083700000| Untracked 
|  56|0x0000000083800000, 0x0000000083800000, 0x0000000083900000|  0%| F|  |TAMS 0x0000000083800000, 0x0000000083800000| Untracked 
|  57|0x0000000083900000, 0x0000000083900000, 0x0000000083a00000|  0%| F|  |TAMS 0x0000000083900000, 0x0000000083900000| Untracked 
|  58|0x0000000083a00000, 0x0000000083a00000, 0x0000000083b00000|  0%| F|  |TAMS 0x0000000083a00000, 0x0000000083a00000| Untracked 
|  59|0x0000000083b00000, 0x0000000083b00000, 0x0000000083c00000|  0%| F|  |TAMS 0x0000000083b00000, 0x0000000083b00000| Untracked 
|  60|0x0000000083c00000, 0x0000000083c00000, 0x0000000083d00000|  0%| F|  |TAMS 0x0000000083c00000, 0x0000000083c00000| Untracked 
|  61|0x0000000083d00000, 0x0000000083d00000, 0x0000000083e00000|  0%| F|  |TAMS 0x0000000083d00000, 0x0000000083d00000| Untracked 
|  62|0x0000000083e00000, 0x0000000083e00000, 0x0000000083f00000|  0%| F|  |TAMS 0x0000000083e00000, 0x0000000083e00000| Untracked 
|  63|0x0000000083f00000, 0x0000000083f00000, 0x0000000084000000|  0%| F|  |TAMS 0x0000000083f00000, 0x0000000083f00000| Untracked 
|  64|0x0000000084000000, 0x0000000084000000, 0x0000000084100000|  0%| F|  |TAMS 0x0000000084000000, 0x0000000084000000| Untracked 
|  65|0x0000000084100000, 0x0000000084100000, 0x0000000084200000|  0%| F|  |TAMS 0x0000000084100000, 0x0000000084100000| Untracked 
|  66|0x0000000084200000, 0x0000000084200000, 0x0000000084300000|  0%| F|  |TAMS 0x0000000084200000, 0x0000000084200000| Untracked 
|  67|0x0000000084300000, 0x0000000084300000, 0x0000000084400000|  0%| F|  |TAMS 0x0000000084300000, 0x0000000084300000| Untracked 
|  68|0x0000000084400000, 0x0000000084400000, 0x0000000084500000|  0%| F|  |TAMS 0x0000000084400000, 0x0000000084400000| Untracked 
|  69|0x0000000084500000, 0x0000000084500000, 0x0000000084600000|  0%| F|  |TAMS 0x0000000084500000, 0x0000000084500000| Untracked 
|  70|0x0000000084600000, 0x0000000084600000, 0x0000000084700000|  0%| F|  |TAMS 0x0000000084600000, 0x0000000084600000| Untracked 
|  71|0x0000000084700000, 0x0000000084700000, 0x0000000084800000|  0%| F|  |TAMS 0x0000000084700000, 0x0000000084700000| Untracked 
|  72|0x0000000084800000, 0x0000000084800000, 0x0000000084900000|  0%| F|  |TAMS 0x0000000084800000, 0x0000000084800000| Untracked 
|  73|0x0000000084900000, 0x0000000084900000, 0x0000000084a00000|  0%| F|  |TAMS 0x0000000084900000, 0x0000000084900000| Untracked 
|  74|0x0000000084a00000, 0x0000000084a00000, 0x0000000084b00000|  0%| F|  |TAMS 0x0000000084a00000, 0x0000000084a00000| Untracked 
|  75|0x0000000084b00000, 0x0000000084b00000, 0x0000000084c00000|  0%| F|  |TAMS 0x0000000084b00000, 0x0000000084b00000| Untracked 
|  76|0x0000000084c00000, 0x0000000084c00000, 0x0000000084d00000|  0%| F|  |TAMS 0x0000000084c00000, 0x0000000084c00000| Untracked 
|  77|0x0000000084d00000, 0x0000000084d00000, 0x0000000084e00000|  0%| F|  |TAMS 0x0000000084d00000, 0x0000000084d00000| Untracked 
|  78|0x0000000084e00000, 0x0000000084e00000, 0x0000000084f00000|  0%| F|  |TAMS 0x0000000084e00000, 0x0000000084e00000| Untracked 
|  79|0x0000000084f00000, 0x0000000084f00000, 0x0000000085000000|  0%| F|  |TAMS 0x0000000084f00000, 0x0000000084f00000| Untracked 
|  80|0x0000000085000000, 0x0000000085000000, 0x0000000085100000|  0%| F|  |TAMS 0x0000000085000000, 0x0000000085000000| Untracked 
|  81|0x0000000085100000, 0x0000000085100000, 0x0000000085200000|  0%| F|  |TAMS 0x0000000085100000, 0x0000000085100000| Untracked 
|  82|0x0000000085200000, 0x0000000085200000, 0x0000000085300000|  0%| F|  |TAMS 0x0000000085200000, 0x0000000085200000| Untracked 
|  83|0x0000000085300000, 0x0000000085300000, 0x0000000085400000|  0%| F|  |TAMS 0x0000000085300000, 0x0000000085300000| Untracked 
|  84|0x0000000085400000, 0x0000000085400000, 0x0000000085500000|  0%| F|  |TAMS 0x0000000085400000, 0x0000000085400000| Untracked 
|  85|0x0000000085500000, 0x0000000085500000, 0x0000000085600000|  0%| F|  |TAMS 0x0000000085500000, 0x0000000085500000| Untracked 
|  86|0x0000000085600000, 0x0000000085600000, 0x0000000085700000|  0%| F|  |TAMS 0x0000000085600000, 0x0000000085600000| Untracked 
|  87|0x0000000085700000, 0x0000000085700000, 0x0000000085800000|  0%| F|  |TAMS 0x0000000085700000, 0x0000000085700000| Untracked 
|  88|0x0000000085800000, 0x0000000085800000, 0x0000000085900000|  0%| F|  |TAMS 0x0000000085800000, 0x0000000085800000| Untracked 
|  89|0x0000000085900000, 0x0000000085900000, 0x0000000085a00000|  0%| F|  |TAMS 0x0000000085900000, 0x0000000085900000| Untracked 
|  90|0x0000000085a00000, 0x0000000085a00000, 0x0000000085b00000|  0%| F|  |TAMS 0x0000000085a00000, 0x0000000085a00000| Untracked 
|  91|0x0000000085b00000, 0x0000000085b00000, 0x0000000085c00000|  0%| F|  |TAMS 0x0000000085b00000, 0x0000000085b00000| Untracked 
|  92|0x0000000085c00000, 0x0000000085c00000, 0x0000000085d00000|  0%| F|  |TAMS 0x0000000085c00000, 0x0000000085c00000| Untracked 
|  93|0x0000000085d00000, 0x0000000085d00000, 0x0000000085e00000|  0%| F|  |TAMS 0x0000000085d00000, 0x0000000085d00000| Untracked 
|  94|0x0000000085e00000, 0x0000000085e00000, 0x0000000085f00000|  0%| F|  |TAMS 0x0000000085e00000, 0x0000000085e00000| Untracked 
|  95|0x0000000085f00000, 0x0000000085f00000, 0x0000000086000000|  0%| F|  |TAMS 0x0000000085f00000, 0x0000000085f00000| Untracked 
|  96|0x0000000086000000, 0x0000000086000000, 0x0000000086100000|  0%| F|  |TAMS 0x0000000086000000, 0x0000000086000000| Untracked 
|  97|0x0000000086100000, 0x0000000086100000, 0x0000000086200000|  0%| F|  |TAMS 0x0000000086100000, 0x0000000086100000| Untracked 
|  98|0x0000000086200000, 0x0000000086200000, 0x0000000086300000|  0%| F|  |TAMS 0x0000000086200000, 0x0000000086200000| Untracked 
|  99|0x0000000086300000, 0x0000000086300000, 0x0000000086400000|  0%| F|  |TAMS 0x0000000086300000, 0x0000000086300000| Untracked 
| 100|0x0000000086400000, 0x0000000086400000, 0x0000000086500000|  0%| F|  |TAMS 0x0000000086400000, 0x0000000086400000| Untracked 
| 101|0x0000000086500000, 0x0000000086500000, 0x0000000086600000|  0%| F|  |TAMS 0x0000000086500000, 0x0000000086500000| Untracked 
| 102|0x0000000086600000, 0x0000000086600000, 0x0000000086700000|  0%| F|  |TAMS 0x0000000086600000, 0x0000000086600000| Untracked 
| 103|0x0000000086700000, 0x0000000086700000, 0x0000000086800000|  0%| F|  |TAMS 0x0000000086700000, 0x0000000086700000| Untracked 
| 104|0x0000000086800000, 0x0000000086800000, 0x0000000086900000|  0%| F|  |TAMS 0x0000000086800000, 0x0000000086800000| Untracked 
| 105|0x0000000086900000, 0x0000000086900000, 0x0000000086a00000|  0%| F|  |TAMS 0x0000000086900000, 0x0000000086900000| Untracked 
| 106|0x0000000086a00000, 0x0000000086a00000, 0x0000000086b00000|  0%| F|  |TAMS 0x0000000086a00000, 0x0000000086a00000| Untracked 
| 107|0x0000000086b00000, 0x0000000086b00000, 0x0000000086c00000|  0%| F|  |TAMS 0x0000000086b00000, 0x0000000086b00000| Untracked 
| 108|0x0000000086c00000, 0x0000000086c00000, 0x0000000086d00000|  0%| F|  |TAMS 0x0000000086c00000, 0x0000000086c00000| Untracked 
| 109|0x0000000086d00000, 0x0000000086d00000, 0x0000000086e00000|  0%| F|  |TAMS 0x0000000086d00000, 0x0000000086d00000| Untracked 
| 110|0x0000000086e00000, 0x0000000086e00000, 0x0000000086f00000|  0%| F|  |TAMS 0x0000000086e00000, 0x0000000086e00000| Untracked 
| 111|0x0000000086f00000, 0x0000000086f00000, 0x0000000087000000|  0%| F|  |TAMS 0x0000000086f00000, 0x0000000086f00000| Untracked 
| 112|0x0000000087000000, 0x0000000087000000, 0x0000000087100000|  0%| F|  |TAMS 0x0000000087000000, 0x0000000087000000| Untracked 
| 113|0x0000000087100000, 0x0000000087100000, 0x0000000087200000|  0%| F|  |TAMS 0x0000000087100000, 0x0000000087100000| Untracked 
| 114|0x0000000087200000, 0x0000000087200000, 0x0000000087300000|  0%| F|  |TAMS 0x0000000087200000, 0x0000000087200000| Untracked 
| 115|0x0000000087300000, 0x0000000087300000, 0x0000000087400000|  0%| F|  |TAMS 0x0000000087300000, 0x0000000087300000| Untracked 
| 116|0x0000000087400000, 0x0000000087400000, 0x0000000087500000|  0%| F|  |TAMS 0x0000000087400000, 0x0000000087400000| Untracked 
| 117|0x0000000087500000, 0x0000000087500000, 0x0000000087600000|  0%| F|  |TAMS 0x0000000087500000, 0x0000000087500000| Untracked 
| 118|0x0000000087600000, 0x0000000087600000, 0x0000000087700000|  0%| F|  |TAMS 0x0000000087600000, 0x0000000087600000| Untracked 
| 119|0x0000000087700000, 0x0000000087700000, 0x0000000087800000|  0%| F|  |TAMS 0x0000000087700000, 0x0000000087700000| Untracked 
| 120|0x0000000087800000, 0x0000000087800000, 0x0000000087900000|  0%| F|  |TAMS 0x0000000087800000, 0x0000000087800000| Untracked 
| 121|0x0000000087900000, 0x0000000087900000, 0x0000000087a00000|  0%| F|  |TAMS 0x0000000087900000, 0x0000000087900000| Untracked 
| 122|0x0000000087a00000, 0x0000000087a00000, 0x0000000087b00000|  0%| F|  |TAMS 0x0000000087a00000, 0x0000000087a00000| Untracked 
| 123|0x0000000087b00000, 0x0000000087b00000, 0x0000000087c00000|  0%| F|  |TAMS 0x0000000087b00000, 0x0000000087b00000| Untracked 
| 124|0x0000000087c00000, 0x0000000087c00000, 0x0000000087d00000|  0%| F|  |TAMS 0x0000000087c00000, 0x0000000087c00000| Untracked 
| 125|0x0000000087d00000, 0x0000000087d00000, 0x0000000087e00000|  0%| F|  |TAMS 0x0000000087d00000, 0x0000000087d00000| Untracked 
| 126|0x0000000087e00000, 0x0000000087e00000, 0x0000000087f00000|  0%| F|  |TAMS 0x0000000087e00000, 0x0000000087e00000| Untracked 
| 127|0x0000000087f00000, 0x0000000087f00000, 0x0000000088000000|  0%| F|  |TAMS 0x0000000087f00000, 0x0000000087f00000| Untracked 
| 128|0x0000000088000000, 0x0000000088000000, 0x0000000088100000|  0%| F|  |TAMS 0x0000000088000000, 0x0000000088000000| Untracked 
| 129|0x0000000088100000, 0x0000000088100000, 0x0000000088200000|  0%| F|  |TAMS 0x0000000088100000, 0x0000000088100000| Untracked 
| 130|0x0000000088200000, 0x0000000088200000, 0x0000000088300000|  0%| F|  |TAMS 0x0000000088200000, 0x0000000088200000| Untracked 
| 131|0x0000000088300000, 0x0000000088300000, 0x0000000088400000|  0%| F|  |TAMS 0x0000000088300000, 0x0000000088300000| Untracked 
| 132|0x0000000088400000, 0x0000000088400000, 0x0000000088500000|  0%| F|  |TAMS 0x0000000088400000, 0x0000000088400000| Untracked 
| 133|0x0000000088500000, 0x0000000088500000, 0x0000000088600000|  0%| F|  |TAMS 0x0000000088500000, 0x0000000088500000| Untracked 
| 134|0x0000000088600000, 0x0000000088600000, 0x0000000088700000|  0%| F|  |TAMS 0x0000000088600000, 0x0000000088600000| Untracked 
| 135|0x0000000088700000, 0x0000000088700000, 0x0000000088800000|  0%| F|  |TAMS 0x0000000088700000, 0x0000000088700000| Untracked 
| 136|0x0000000088800000, 0x0000000088800000, 0x0000000088900000|  0%| F|  |TAMS 0x0000000088800000, 0x0000000088800000| Untracked 
| 137|0x0000000088900000, 0x0000000088900000, 0x0000000088a00000|  0%| F|  |TAMS 0x0000000088900000, 0x0000000088900000| Untracked 
| 138|0x0000000088a00000, 0x0000000088a00000, 0x0000000088b00000|  0%| F|  |TAMS 0x0000000088a00000, 0x0000000088a00000| Untracked 
| 139|0x0000000088b00000, 0x0000000088b00000, 0x0000000088c00000|  0%| F|  |TAMS 0x0000000088b00000, 0x0000000088b00000| Untracked 
| 140|0x0000000088c00000, 0x0000000088c00000, 0x0000000088d00000|  0%| F|  |TAMS 0x0000000088c00000, 0x0000000088c00000| Untracked 
| 141|0x0000000088d00000, 0x0000000088d00000, 0x0000000088e00000|  0%| F|  |TAMS 0x0000000088d00000, 0x0000000088d00000| Untracked 
| 142|0x0000000088e00000, 0x0000000088e00000, 0x0000000088f00000|  0%| F|  |TAMS 0x0000000088e00000, 0x0000000088e00000| Untracked 
| 143|0x0000000088f00000, 0x0000000088f00000, 0x0000000089000000|  0%| F|  |TAMS 0x0000000088f00000, 0x0000000088f00000| Untracked 
| 144|0x0000000089000000, 0x0000000089000000, 0x0000000089100000|  0%| F|  |TAMS 0x0000000089000000, 0x0000000089000000| Untracked 
| 145|0x0000000089100000, 0x0000000089100000, 0x0000000089200000|  0%| F|  |TAMS 0x0000000089100000, 0x0000000089100000| Untracked 
| 146|0x0000000089200000, 0x0000000089200000, 0x0000000089300000|  0%| F|  |TAMS 0x0000000089200000, 0x0000000089200000| Untracked 
| 147|0x0000000089300000, 0x0000000089300000, 0x0000000089400000|  0%| F|  |TAMS 0x0000000089300000, 0x0000000089300000| Untracked 
| 148|0x0000000089400000, 0x0000000089400000, 0x0000000089500000|  0%| F|  |TAMS 0x0000000089400000, 0x0000000089400000| Untracked 
| 149|0x0000000089500000, 0x0000000089500000, 0x0000000089600000|  0%| F|  |TAMS 0x0000000089500000, 0x0000000089500000| Untracked 
| 150|0x0000000089600000, 0x0000000089600000, 0x0000000089700000|  0%| F|  |TAMS 0x0000000089600000, 0x0000000089600000| Untracked 
| 151|0x0000000089700000, 0x0000000089700000, 0x0000000089800000|  0%| F|  |TAMS 0x0000000089700000, 0x0000000089700000| Untracked 
| 152|0x0000000089800000, 0x0000000089800000, 0x0000000089900000|  0%| F|  |TAMS 0x0000000089800000, 0x0000000089800000| Untracked 
| 153|0x0000000089900000, 0x0000000089900000, 0x0000000089a00000|  0%| F|  |TAMS 0x0000000089900000, 0x0000000089900000| Untracked 
| 154|0x0000000089a00000, 0x0000000089a00000, 0x0000000089b00000|  0%| F|  |TAMS 0x0000000089a00000, 0x0000000089a00000| Untracked 
| 155|0x0000000089b00000, 0x0000000089b00000, 0x0000000089c00000|  0%| F|  |TAMS 0x0000000089b00000, 0x0000000089b00000| Untracked 
| 156|0x0000000089c00000, 0x0000000089c00000, 0x0000000089d00000|  0%| F|  |TAMS 0x0000000089c00000, 0x0000000089c00000| Untracked 
| 157|0x0000000089d00000, 0x0000000089d00000, 0x0000000089e00000|  0%| F|  |TAMS 0x0000000089d00000, 0x0000000089d00000| Untracked 
| 158|0x0000000089e00000, 0x0000000089e00000, 0x0000000089f00000|  0%| F|  |TAMS 0x0000000089e00000, 0x0000000089e00000| Untracked 
| 159|0x0000000089f00000, 0x0000000089f00000, 0x000000008a000000|  0%| F|  |TAMS 0x0000000089f00000, 0x0000000089f00000| Untracked 
| 160|0x000000008a000000, 0x000000008a000000, 0x000000008a100000|  0%| F|  |TAMS 0x000000008a000000, 0x000000008a000000| Untracked 
| 161|0x000000008a100000, 0x000000008a100000, 0x000000008a200000|  0%| F|  |TAMS 0x000000008a100000, 0x000000008a100000| Untracked 
| 162|0x000000008a200000, 0x000000008a200000, 0x000000008a300000|  0%| F|  |TAMS 0x000000008a200000, 0x000000008a200000| Untracked 
| 163|0x000000008a300000, 0x000000008a300000, 0x000000008a400000|  0%| F|  |TAMS 0x000000008a300000, 0x000000008a300000| Untracked 
| 164|0x000000008a400000, 0x000000008a400000, 0x000000008a500000|  0%| F|  |TAMS 0x000000008a400000, 0x000000008a400000| Untracked 
| 165|0x000000008a500000, 0x000000008a500000, 0x000000008a600000|  0%| F|  |TAMS 0x000000008a500000, 0x000000008a500000| Untracked 
| 166|0x000000008a600000, 0x000000008a600000, 0x000000008a700000|  0%| F|  |TAMS 0x000000008a600000, 0x000000008a600000| Untracked 
| 167|0x000000008a700000, 0x000000008a700000, 0x000000008a800000|  0%| F|  |TAMS 0x000000008a700000, 0x000000008a700000| Untracked 
| 168|0x000000008a800000, 0x000000008a800000, 0x000000008a900000|  0%| F|  |TAMS 0x000000008a800000, 0x000000008a800000| Untracked 
| 169|0x000000008a900000, 0x000000008a900000, 0x000000008aa00000|  0%| F|  |TAMS 0x000000008a900000, 0x000000008a900000| Untracked 
| 170|0x000000008aa00000, 0x000000008aa00000, 0x000000008ab00000|  0%| F|  |TAMS 0x000000008aa00000, 0x000000008aa00000| Untracked 
| 171|0x000000008ab00000, 0x000000008ab00000, 0x000000008ac00000|  0%| F|  |TAMS 0x000000008ab00000, 0x000000008ab00000| Untracked 
| 172|0x000000008ac00000, 0x000000008ac00000, 0x000000008ad00000|  0%| F|  |TAMS 0x000000008ac00000, 0x000000008ac00000| Untracked 
| 173|0x000000008ad00000, 0x000000008ad00000, 0x000000008ae00000|  0%| F|  |TAMS 0x000000008ad00000, 0x000000008ad00000| Untracked 
| 174|0x000000008ae00000, 0x000000008ae00000, 0x000000008af00000|  0%| F|  |TAMS 0x000000008ae00000, 0x000000008ae00000| Untracked 
| 175|0x000000008af00000, 0x000000008af00000, 0x000000008b000000|  0%| F|  |TAMS 0x000000008af00000, 0x000000008af00000| Untracked 
| 176|0x000000008b000000, 0x000000008b000000, 0x000000008b100000|  0%| F|  |TAMS 0x000000008b000000, 0x000000008b000000| Untracked 
| 177|0x000000008b100000, 0x000000008b100000, 0x000000008b200000|  0%| F|  |TAMS 0x000000008b100000, 0x000000008b100000| Untracked 
| 178|0x000000008b200000, 0x000000008b300000, 0x000000008b300000|100%| S|CS|TAMS 0x000000008b200000, 0x000000008b200000| Complete 
| 179|0x000000008b300000, 0x000000008b400000, 0x000000008b400000|100%| S|CS|TAMS 0x000000008b300000, 0x000000008b300000| Complete 
| 180|0x000000008b400000, 0x000000008b500000, 0x000000008b500000|100%| S|CS|TAMS 0x000000008b400000, 0x000000008b400000| Complete 
| 181|0x000000008b500000, 0x000000008b600000, 0x000000008b600000|100%| S|CS|TAMS 0x000000008b500000, 0x000000008b500000| Complete 
| 182|0x000000008b600000, 0x000000008b700000, 0x000000008b700000|100%| S|CS|TAMS 0x000000008b600000, 0x000000008b600000| Complete 
| 183|0x000000008b700000, 0x000000008b800000, 0x000000008b800000|100%| S|CS|TAMS 0x000000008b700000, 0x000000008b700000| Complete 
| 184|0x000000008b800000, 0x000000008b900000, 0x000000008b900000|100%| S|CS|TAMS 0x000000008b800000, 0x000000008b800000| Complete 
| 185|0x000000008b900000, 0x000000008ba00000, 0x000000008ba00000|100%| S|CS|TAMS 0x000000008b900000, 0x000000008b900000| Complete 
| 186|0x000000008ba00000, 0x000000008ba00000, 0x000000008bb00000|  0%| F|  |TAMS 0x000000008ba00000, 0x000000008ba00000| Untracked 
| 187|0x000000008bb00000, 0x000000008bb00000, 0x000000008bc00000|  0%| F|  |TAMS 0x000000008bb00000, 0x000000008bb00000| Untracked 
| 188|0x000000008bc00000, 0x000000008bc00000, 0x000000008bd00000|  0%| F|  |TAMS 0x000000008bc00000, 0x000000008bc00000| Untracked 
| 189|0x000000008bd00000, 0x000000008bd00000, 0x000000008be00000|  0%| F|  |TAMS 0x000000008bd00000, 0x000000008bd00000| Untracked 
| 190|0x000000008be00000, 0x000000008be00000, 0x000000008bf00000|  0%| F|  |TAMS 0x000000008be00000, 0x000000008be00000| Untracked 
| 191|0x000000008bf00000, 0x000000008bf00000, 0x000000008c000000|  0%| F|  |TAMS 0x000000008bf00000, 0x000000008bf00000| Untracked 
| 192|0x000000008c000000, 0x000000008c000000, 0x000000008c100000|  0%| F|  |TAMS 0x000000008c000000, 0x000000008c000000| Untracked 
| 193|0x000000008c100000, 0x000000008c100000, 0x000000008c200000|  0%| F|  |TAMS 0x000000008c100000, 0x000000008c100000| Untracked 
| 194|0x000000008c200000, 0x000000008c200000, 0x000000008c300000|  0%| F|  |TAMS 0x000000008c200000, 0x000000008c200000| Untracked 
| 195|0x000000008c300000, 0x000000008c300000, 0x000000008c400000|  0%| F|  |TAMS 0x000000008c300000, 0x000000008c300000| Untracked 
| 196|0x000000008c400000, 0x000000008c400000, 0x000000008c500000|  0%| F|  |TAMS 0x000000008c400000, 0x000000008c400000| Untracked 
| 197|0x000000008c500000, 0x000000008c500000, 0x000000008c600000|  0%| F|  |TAMS 0x000000008c500000, 0x000000008c500000| Untracked 
| 198|0x000000008c600000, 0x000000008c600000, 0x000000008c700000|  0%| F|  |TAMS 0x000000008c600000, 0x000000008c600000| Untracked 
| 199|0x000000008c700000, 0x000000008c700000, 0x000000008c800000|  0%| F|  |TAMS 0x000000008c700000, 0x000000008c700000| Untracked 
| 200|0x000000008c800000, 0x000000008c800000, 0x000000008c900000|  0%| F|  |TAMS 0x000000008c800000, 0x000000008c800000| Untracked 
| 201|0x000000008c900000, 0x000000008c900000, 0x000000008ca00000|  0%| F|  |TAMS 0x000000008c900000, 0x000000008c900000| Untracked 
| 202|0x000000008ca00000, 0x000000008ca00000, 0x000000008cb00000|  0%| F|  |TAMS 0x000000008ca00000, 0x000000008ca00000| Untracked 
| 203|0x000000008cb00000, 0x000000008cb00000, 0x000000008cc00000|  0%| F|  |TAMS 0x000000008cb00000, 0x000000008cb00000| Untracked 
| 204|0x000000008cc00000, 0x000000008cc00000, 0x000000008cd00000|  0%| F|  |TAMS 0x000000008cc00000, 0x000000008cc00000| Untracked 
| 205|0x000000008cd00000, 0x000000008cd00000, 0x000000008ce00000|  0%| F|  |TAMS 0x000000008cd00000, 0x000000008cd00000| Untracked 
| 206|0x000000008ce00000, 0x000000008ce00000, 0x000000008cf00000|  0%| F|  |TAMS 0x000000008ce00000, 0x000000008ce00000| Untracked 
| 207|0x000000008cf00000, 0x000000008cf00000, 0x000000008d000000|  0%| F|  |TAMS 0x000000008cf00000, 0x000000008cf00000| Untracked 
| 208|0x000000008d000000, 0x000000008d000000, 0x000000008d100000|  0%| F|  |TAMS 0x000000008d000000, 0x000000008d000000| Untracked 
| 209|0x000000008d100000, 0x000000008d100000, 0x000000008d200000|  0%| F|  |TAMS 0x000000008d100000, 0x000000008d100000| Untracked 
| 210|0x000000008d200000, 0x000000008d200000, 0x000000008d300000|  0%| F|  |TAMS 0x000000008d200000, 0x000000008d200000| Untracked 
| 211|0x000000008d300000, 0x000000008d300000, 0x000000008d400000|  0%| F|  |TAMS 0x000000008d300000, 0x000000008d300000| Untracked 
| 212|0x000000008d400000, 0x000000008d400000, 0x000000008d500000|  0%| F|  |TAMS 0x000000008d400000, 0x000000008d400000| Untracked 
| 213|0x000000008d500000, 0x000000008d500000, 0x000000008d600000|  0%| F|  |TAMS 0x000000008d500000, 0x000000008d500000| Untracked 
| 214|0x000000008d600000, 0x000000008d600000, 0x000000008d700000|  0%| F|  |TAMS 0x000000008d600000, 0x000000008d600000| Untracked 
| 215|0x000000008d700000, 0x000000008d700000, 0x000000008d800000|  0%| F|  |TAMS 0x000000008d700000, 0x000000008d700000| Untracked 
| 216|0x000000008d800000, 0x000000008d800000, 0x000000008d900000|  0%| F|  |TAMS 0x000000008d800000, 0x000000008d800000| Untracked 
| 217|0x000000008d900000, 0x000000008d900000, 0x000000008da00000|  0%| F|  |TAMS 0x000000008d900000, 0x000000008d900000| Untracked 
| 218|0x000000008da00000, 0x000000008da00000, 0x000000008db00000|  0%| F|  |TAMS 0x000000008da00000, 0x000000008da00000| Untracked 
| 219|0x000000008db00000, 0x000000008db00000, 0x000000008dc00000|  0%| F|  |TAMS 0x000000008db00000, 0x000000008db00000| Untracked 
| 220|0x000000008dc00000, 0x000000008dc00000, 0x000000008dd00000|  0%| F|  |TAMS 0x000000008dc00000, 0x000000008dc00000| Untracked 
| 221|0x000000008dd00000, 0x000000008dd00000, 0x000000008de00000|  0%| F|  |TAMS 0x000000008dd00000, 0x000000008dd00000| Untracked 
| 222|0x000000008de00000, 0x000000008de00000, 0x000000008df00000|  0%| F|  |TAMS 0x000000008de00000, 0x000000008de00000| Untracked 
| 223|0x000000008df00000, 0x000000008df00000, 0x000000008e000000|  0%| F|  |TAMS 0x000000008df00000, 0x000000008df00000| Untracked 
| 224|0x000000008e000000, 0x000000008e000000, 0x000000008e100000|  0%| F|  |TAMS 0x000000008e000000, 0x000000008e000000| Untracked 
| 225|0x000000008e100000, 0x000000008e100000, 0x000000008e200000|  0%| F|  |TAMS 0x000000008e100000, 0x000000008e100000| Untracked 
| 226|0x000000008e200000, 0x000000008e200000, 0x000000008e300000|  0%| F|  |TAMS 0x000000008e200000, 0x000000008e200000| Untracked 
| 227|0x000000008e300000, 0x000000008e300000, 0x000000008e400000|  0%| F|  |TAMS 0x000000008e300000, 0x000000008e300000| Untracked 
| 228|0x000000008e400000, 0x000000008e400000, 0x000000008e500000|  0%| F|  |TAMS 0x000000008e400000, 0x000000008e400000| Untracked 
| 229|0x000000008e500000, 0x000000008e500000, 0x000000008e600000|  0%| F|  |TAMS 0x000000008e500000, 0x000000008e500000| Untracked 
| 230|0x000000008e600000, 0x000000008e600000, 0x000000008e700000|  0%| F|  |TAMS 0x000000008e600000, 0x000000008e600000| Untracked 
| 231|0x000000008e700000, 0x000000008e700000, 0x000000008e800000|  0%| F|  |TAMS 0x000000008e700000, 0x000000008e700000| Untracked 
| 232|0x000000008e800000, 0x000000008e800000, 0x000000008e900000|  0%| F|  |TAMS 0x000000008e800000, 0x000000008e800000| Untracked 
| 233|0x000000008e900000, 0x000000008e900000, 0x000000008ea00000|  0%| F|  |TAMS 0x000000008e900000, 0x000000008e900000| Untracked 
| 234|0x000000008ea00000, 0x000000008ea00000, 0x000000008eb00000|  0%| F|  |TAMS 0x000000008ea00000, 0x000000008ea00000| Untracked 
| 235|0x000000008eb00000, 0x000000008eb00000, 0x000000008ec00000|  0%| F|  |TAMS 0x000000008eb00000, 0x000000008eb00000| Untracked 
| 236|0x000000008ec00000, 0x000000008ec00000, 0x000000008ed00000|  0%| F|  |TAMS 0x000000008ec00000, 0x000000008ec00000| Untracked 
| 237|0x000000008ed00000, 0x000000008ed00000, 0x000000008ee00000|  0%| F|  |TAMS 0x000000008ed00000, 0x000000008ed00000| Untracked 
| 238|0x000000008ee00000, 0x000000008ee00000, 0x000000008ef00000|  0%| F|  |TAMS 0x000000008ee00000, 0x000000008ee00000| Untracked 
| 239|0x000000008ef00000, 0x000000008ef00000, 0x000000008f000000|  0%| F|  |TAMS 0x000000008ef00000, 0x000000008ef00000| Untracked 
| 240|0x000000008f000000, 0x000000008f000000, 0x000000008f100000|  0%| F|  |TAMS 0x000000008f000000, 0x000000008f000000| Untracked 
| 241|0x000000008f100000, 0x000000008f100000, 0x000000008f200000|  0%| F|  |TAMS 0x000000008f100000, 0x000000008f100000| Untracked 
| 242|0x000000008f200000, 0x000000008f200000, 0x000000008f300000|  0%| F|  |TAMS 0x000000008f200000, 0x000000008f200000| Untracked 
| 243|0x000000008f300000, 0x000000008f300000, 0x000000008f400000|  0%| F|  |TAMS 0x000000008f300000, 0x000000008f300000| Untracked 
| 244|0x000000008f400000, 0x000000008f400000, 0x000000008f500000|  0%| F|  |TAMS 0x000000008f400000, 0x000000008f400000| Untracked 
| 245|0x000000008f500000, 0x000000008f5f9c78, 0x000000008f600000| 97%| E|  |TAMS 0x000000008f500000, 0x000000008f500000| Complete 
| 246|0x000000008f600000, 0x000000008f700000, 0x000000008f700000|100%| E|CS|TAMS 0x000000008f600000, 0x000000008f600000| Complete 
| 247|0x000000008f700000, 0x000000008f800000, 0x000000008f800000|100%| E|CS|TAMS 0x000000008f700000, 0x000000008f700000| Complete 
| 248|0x000000008f800000, 0x000000008f900000, 0x000000008f900000|100%| E|CS|TAMS 0x000000008f800000, 0x000000008f800000| Complete 
| 249|0x000000008f900000, 0x000000008fa00000, 0x000000008fa00000|100%| E|CS|TAMS 0x000000008f900000, 0x000000008f900000| Complete 

Card table byte_map: [0x00007fed00d32000,0x00007fed01132000] _byte_map_base: 0x00007fed00932000

Marking Bits (Prev, Next): (CMBitMap*) 0x00007fed140595e8, (CMBitMap*) 0x00007fed14059620
 Prev Bits: [0x00007fecfa000000, 0x00007fecfc000000)
 Next Bits: [0x00007fecf8000000, 0x00007fecfa000000)

Polling page: 0x00007fed1aece000

Metaspace:

Usage:
  Non-class:     15.47 MB capacity,    15.15 MB ( 98%) used,   301.15 KB (  2%) free+waste,    32.75 KB ( <1%) overhead. 
      Class:      2.19 MB capacity,     2.04 MB ( 93%) used,   137.72 KB (  6%) free+waste,    16.12 KB ( <1%) overhead. 
       Both:     17.66 MB capacity,    17.18 MB ( 97%) used,   438.87 KB (  2%) free+waste,    48.88 KB ( <1%) overhead. 

Virtual space:
  Non-class space:       16.00 MB reserved,      15.50 MB ( 97%) committed 
      Class space:        1.00 GB reserved,       2.25 MB ( <1%) committed 
             Both:        1.02 GB reserved,      17.75 MB (  2%) committed 

Chunk freelists:
   Non-Class:  27.00 KB
       Class:  0 bytes
        Both:  27.00 KB

MaxMetaspaceSize: unlimited
CompressedClassSpaceSize: 1.00 GB

CodeHeap 'non-profiled nmethods': size=120032Kb used=753Kb max_used=753Kb free=119279Kb
 bounds [0x00007fed08ffa000, 0x00007fed0926a000, 0x00007fed10532000]
CodeHeap 'profiled nmethods': size=120028Kb used=3174Kb max_used=3174Kb free=116853Kb
 bounds [0x00007fed01ac3000, 0x00007fed01de3000, 0x00007fed08ffa000]
CodeHeap 'non-nmethods': size=5700Kb used=1101Kb max_used=1151Kb free=4598Kb
 bounds [0x00007fed01532000, 0x00007fed017a2000, 0x00007fed01ac3000]
 total_blobs=2081 nmethods=1627 adapters=367
 compilation: enabled
              stopped_count=0, restarted_count=0
 full_count=0

Compilation events (20 events):
Event: 1.367 Thread 0x00007fed141e4000 1594       3       java.util.LinkedList::isPositionIndex (18 bytes)
Event: 1.367 Thread 0x00007fed141e4000 nmethod 1594 0x00007fed01dd0710 code [0x00007fed01dd08c0, 0x00007fed01dd0a50]
Event: 1.371 Thread 0x00007fed141e2000 nmethod 1592 0x00007fed090b2790 code [0x00007fed090b2960, 0x00007fed090b3058]
Event: 1.373 Thread 0x00007fed141e4000 1596       3       org.gradle.internal.service.RelevantMethodsBuilder::add (104 bytes)
Event: 1.374 Thread 0x00007feccc1ca000 1600       4       java.util.ArrayList$Itr::hasNext (20 bytes)
Event: 1.374 Thread 0x00007fed141e4000 nmethod 1596 0x00007fed01dd0b10 code [0x00007fed01dd0e00, 0x00007fed01dd1ca0]
Event: 1.374 Thread 0x00007fed141e4000 1595       3       org.gradle.internal.service.RelevantMethods::takesReturnTypeAsParameter (42 bytes)
Event: 1.374 Thread 0x00007feccc1ca000 nmethod 1600 0x00007fed090b3610 code [0x00007fed090b37a0, 0x00007fed090b3838]
Event: 1.374 Thread 0x00007fed141e4000 nmethod 1595 0x00007fed01dd2290 code [0x00007fed01dd2480, 0x00007fed01dd29e0]
Event: 1.374 Thread 0x00007fed141e4000 1598       3       java.lang.reflect.Method::setAccessible (21 bytes)
Event: 1.375 Thread 0x00007fed141e4000 nmethod 1598 0x00007fed01dd2c10 code [0x00007fed01dd2e20, 0x00007fed01dd3340]
Event: 1.375 Thread 0x00007fed141e4000 1599       3       java.lang.reflect.Method::checkCanSetAccessible (10 bytes)
Event: 1.375 Thread 0x00007fed141e4000 nmethod 1599 0x00007fed01dd3510 code [0x00007fed01dd36e0, 0x00007fed01dd3860]
Event: 1.375 Thread 0x00007fed141e4000 1597       1       java.util.LinkedList::size (5 bytes)
Event: 1.375 Thread 0x00007fed141e4000 nmethod 1597 0x00007fed090b3910 code [0x00007fed090b3ac0, 0x00007fed090b3b70]
Event: 1.383 Thread 0x00007fed141e4000 1602   !   3       java.lang.ref.ReferenceQueue::enqueue (119 bytes)
Event: 1.385 Thread 0x00007fed141e4000 nmethod 1602 0x00007fed01dd3910 code [0x00007fed01dd3b00, 0x00007fed01dd4260]
Event: 1.385 Thread 0x00007fed141e4000 1603       3       org.gradle.internal.service.ReflectionBasedServiceMethod::<init> (16 bytes)
Event: 1.385 Thread 0x00007fed141e4000 nmethod 1603 0x00007fed01dd4410 code [0x00007fed01dd4660, 0x00007fed01dd4eb0]
Event: 1.385 Thread 0x00007fed141e4000 1604       3       org.gradle.internal.reflect.JavaMethod::of (10 bytes)

GC Heap History (4 events):
Event: 0.615 GC heap before
{Heap before GC invocations=0 (full 0):
 garbage-first heap   total 256000K, used 29696K [0x0000000080000000, 0x0000000100000000)
  region size 1024K, 24 young (24576K), 0 survivors (0K)
 Metaspace       used 10056K, capacity 10315K, committed 10624K, reserved 1058816K
  class space    used 1052K, capacity 1141K, committed 1152K, reserved 1048576K
}
Event: 0.619 GC heap after
{Heap after GC invocations=1 (full 0):
 garbage-first heap   total 256000K, used 9288K [0x0000000080000000, 0x0000000100000000)
  region size 1024K, 3 young (3072K), 3 survivors (3072K)
 Metaspace       used 10056K, capacity 10315K, committed 10624K, reserved 1058816K
  class space    used 1052K, capacity 1141K, committed 1152K, reserved 1048576K
}
Event: 1.377 GC heap before
{Heap before GC invocations=1 (full 0):
 garbage-first heap   total 256000K, used 71752K [0x0000000080000000, 0x0000000100000000)
  region size 1024K, 64 young (65536K), 3 survivors (3072K)
 Metaspace       used 17306K, capacity 17760K, committed 17792K, reserved 1064960K
  class space    used 2031K, capacity 2174K, committed 2176K, reserved 1048576K
}
Event: 1.383 GC heap after
{Heap after GC invocations=2 (full 0):
 garbage-first heap   total 256000K, used 15537K [0x0000000080000000, 0x0000000100000000)
  region size 1024K, 8 young (8192K), 8 survivors (8192K)
 Metaspace       used 17306K, capacity 17760K, committed 17792K, reserved 1064960K
  class space    used 2031K, capacity 2174K, committed 2176K, reserved 1048576K
}

Deoptimization events (20 events):
Event: 1.136 Thread 0x00007fed14017000 Uncommon trap: trap_request=0xffffffc6 fr.pc=0x00007fed09065d24 relative=0x0000000000000084
Event: 1.136 Thread 0x00007fed14017000 Uncommon trap: reason=bimorphic_or_optimized_type_check action=maybe_recompile pc=0x00007fed09065d24 method=java.util.AbstractList$Itr.hasNext()Z @ 8 c2
Event: 1.136 Thread 0x00007fed14017000 DEOPT PACKING pc=0x00007fed09065d24 sp=0x00007fed1969df60
Event: 1.136 Thread 0x00007fed14017000 DEOPT UNPACKING pc=0x00007fed01558825 sp=0x00007fed1969df18 mode 2
Event: 1.136 Thread 0x00007fed14017000 Uncommon trap: trap_request=0xffffffc6 fr.pc=0x00007fed090660f4 relative=0x0000000000000134
Event: 1.136 Thread 0x00007fed14017000 Uncommon trap: reason=bimorphic_or_optimized_type_check action=maybe_recompile pc=0x00007fed090660f4 method=java.util.AbstractList$Itr.next()Ljava/lang/Object; @ 14 c2
Event: 1.136 Thread 0x00007fed14017000 DEOPT PACKING pc=0x00007fed090660f4 sp=0x00007fed1969df50
Event: 1.136 Thread 0x00007fed14017000 DEOPT UNPACKING pc=0x00007fed01558825 sp=0x00007fed1969df08 mode 2
Event: 1.167 Thread 0x00007fed14017000 Uncommon trap: trap_request=0xffffffc6 fr.pc=0x00007fed09065d24 relative=0x0000000000000084
Event: 1.168 Thread 0x00007fed14017000 Uncommon trap: reason=bimorphic_or_optimized_type_check action=maybe_recompile pc=0x00007fed09065d24 method=java.util.AbstractList$Itr.hasNext()Z @ 8 c2
Event: 1.168 Thread 0x00007fed14017000 DEOPT PACKING pc=0x00007fed09065d24 sp=0x00007fed1969d5c0
Event: 1.168 Thread 0x00007fed14017000 DEOPT UNPACKING pc=0x00007fed01558825 sp=0x00007fed1969d578 mode 2
Event: 1.168 Thread 0x00007fed14017000 Uncommon trap: trap_request=0xffffffc6 fr.pc=0x00007fed090660f4 relative=0x0000000000000134
Event: 1.168 Thread 0x00007fed14017000 Uncommon trap: reason=bimorphic_or_optimized_type_check action=maybe_recompile pc=0x00007fed090660f4 method=java.util.AbstractList$Itr.next()Ljava/lang/Object; @ 14 c2
Event: 1.168 Thread 0x00007fed14017000 DEOPT PACKING pc=0x00007fed090660f4 sp=0x00007fed1969d5b0
Event: 1.168 Thread 0x00007fed14017000 DEOPT UNPACKING pc=0x00007fed01558825 sp=0x00007fed1969d568 mode 2
Event: 1.242 Thread 0x00007fec88004000 Uncommon trap: trap_request=0xffffff4d fr.pc=0x00007fed09085388 relative=0x0000000000001348
Event: 1.242 Thread 0x00007fec88004000 Uncommon trap: reason=unstable_if action=reinterpret pc=0x00007fed09085388 method=java.util.concurrent.ConcurrentHashMap.putVal(Ljava/lang/Object;Ljava/lang/Object;Z)Ljava/lang/Object; @ 231 c2
Event: 1.242 Thread 0x00007fec88004000 DEOPT PACKING pc=0x00007fed09085388 sp=0x00007fecb65a5bf0
Event: 1.242 Thread 0x00007fec88004000 DEOPT UNPACKING pc=0x00007fed01558825 sp=0x00007fecb65a5b70 mode 2

Classes redefined (0 events):
No events

Internal exceptions (20 events):
Event: 0.453 Thread 0x00007fed14017000 Exception <a 'java/lang/NoSuchMethodError'{0x000000008e81c0e0}: 'java.lang.Object java.lang.invoke.Invokers$Holder.invoker(java.lang.Object, java.lang.Object, java.lang.Object)'> (0x000000008e81c0e0) thrown at [src/hotspot/share/interpreter/linkResolver.cpp, line 773]
Event: 0.457 Thread 0x00007fed14017000 Exception <a 'java/lang/NoSuchMethodError'{0x000000008e82d158}: 'void java.lang.invoke.DelegatingMethodHandle$Holder.delegate(java.lang.Object, java.lang.Object, int, java.lang.Object)'> (0x000000008e82d158) thrown at [src/hotspot/share/interpreter/linkResolver.cpp, line 773]
Event: 0.802 Thread 0x00007fed14017000 Exception <a 'java/security/PrivilegedActionException'{0x000000008db4a008}> (0x000000008db4a008) thrown at [src/hotspot/share/prims/jvm.cpp, line 1306]
Event: 0.802 Thread 0x00007fed14017000 Exception <a 'java/security/PrivilegedActionException'{0x000000008db4a580}> (0x000000008db4a580) thrown at [src/hotspot/share/prims/jvm.cpp, line 1306]
Event: 1.015 Thread 0x00007fed14017000 Exception <a 'java/lang/NoSuchMethodError'{0x000000008cca7ef0}: 'java.lang.Object java.lang.invoke.DirectMethodHandle$Holder.invokeStaticInit(java.lang.Object, java.lang.Object, java.lang.Object)'> (0x000000008cca7ef0) thrown at [src/hotspot/share/interpreter/linkResolver.cpp, line 773]
Event: 1.243 Thread 0x00007fec88004000 Exception <a 'java/lang/NoSuchMethodError'{0x000000008c220210}: <clinit>> (0x000000008c220210) thrown at [src/hotspot/share/prims/jni.cpp, line 1362]
Event: 1.244 Thread 0x00007fec88004000 Exception <a 'java/lang/NoSuchMethodError'{0x000000008c22bab8}: <clinit>> (0x000000008c22bab8) thrown at [src/hotspot/share/prims/jni.cpp, line 1362]
Event: 1.248 Thread 0x00007fec88004000 Exception <a 'java/lang/NoSuchMethodError'{0x000000008c2419a8}: <clinit>> (0x000000008c2419a8) thrown at [src/hotspot/share/prims/jni.cpp, line 1362]
Event: 1.251 Thread 0x00007fec88004000 Exception <a 'java/lang/NoSuchMethodError'{0x000000008c253788}: <clinit>> (0x000000008c253788) thrown at [src/hotspot/share/prims/jni.cpp, line 1362]
Event: 1.255 Thread 0x00007fec88004000 Exception <a 'java/lang/NoSuchMethodError'{0x000000008c27a318}: <clinit>> (0x000000008c27a318) thrown at [src/hotspot/share/prims/jni.cpp, line 1362]
Event: 1.257 Thread 0x00007fec88004000 Exception <a 'java/lang/NoSuchMethodError'{0x000000008c292138}: <clinit>> (0x000000008c292138) thrown at [src/hotspot/share/prims/jni.cpp, line 1362]
Event: 1.258 Thread 0x00007fec88004000 Exception <a 'java/lang/NoSuchMethodError'{0x000000008c29bac8}: <clinit>> (0x000000008c29bac8) thrown at [src/hotspot/share/prims/jni.cpp, line 1362]
Event: 1.261 Thread 0x00007fec88004000 Exception <a 'java/lang/NoSuchMethodError'{0x000000008c2b1218}: <clinit>> (0x000000008c2b1218) thrown at [src/hotspot/share/prims/jni.cpp, line 1362]
Event: 1.278 Thread 0x00007fec88004000 Exception <a 'java/lang/NoSuchMethodError'{0x000000008c115db8}: <clinit>> (0x000000008c115db8) thrown at [src/hotspot/share/prims/jni.cpp, line 1362]
Event: 1.282 Thread 0x00007fec88004000 Exception <a 'java/lang/NoSuchMethodError'{0x000000008c145930}: <clinit>> (0x000000008c145930) thrown at [src/hotspot/share/prims/jni.cpp, line 1362]
Event: 1.286 Thread 0x00007fec88004000 Exception <a 'java/lang/NoSuchMethodError'{0x000000008c16e520}: <clinit>> (0x000000008c16e520) thrown at [src/hotspot/share/prims/jni.cpp, line 1362]
Event: 1.336 Thread 0x00007fec8800b800 Exception <a 'java/lang/NoSuchMethodError'{0x000000008bd97a98}: 'void java.lang.invoke.DirectMethodHandle$Holder.invokeVirtual(java.lang.Object, java.lang.Object, java.lang.Object, java.lang.Object)'> (0x000000008bd97a98) thrown at [src/hotspot/share/interpreter/linkResolver.cpp, line 773]
Event: 1.338 Thread 0x00007fec8800b800 Exception <a 'java/lang/NoSuchMethodError'{0x000000008bda4500}: 'void java.lang.invoke.DelegatingMethodHandle$Holder.reinvoke_L(java.lang.Object, java.lang.Object, java.lang.Object, java.lang.Object)'> (0x000000008bda4500) thrown at [src/hotspot/share/interpreter/linkResolver.cpp, line 773]
Event: 1.342 Thread 0x00007fec8800b800 Exception <a 'java/lang/NoSuchMethodError'{0x000000008bdd4e48}: 'long java.lang.invoke.DirectMethodHandle$Holder.invokeInterface(java.lang.Object, java.lang.Object)'> (0x000000008bdd4e48) thrown at [src/hotspot/share/interpreter/linkResolver.cpp, line 773]
Event: 1.344 Thread 0x00007fec8800b800 Exception <a 'java/lang/NoSuchMethodError'{0x000000008bdf7b10}: 'void java.lang.invoke.DelegatingMethodHandle$Holder.reinvoke_L(java.lang.Object, java.lang.Object, java.lang.Object, java.lang.Object, java.lang.Object, java.lang.Object, java.lang.Object)'> (0x000000008bdf7b10) thrown at [src/hotspot/share/interpreter/linkResolver.cpp, line 773]

Events (20 events):
Event: 1.377 loading class org/gradle/internal/fingerprint/impl/IgnoredPathFileCollectionFingerprinter
Event: 1.377 loading class org/gradle/internal/fingerprint/impl/IgnoredPathFileCollectionFingerprinter done
Event: 1.377 loading class org/gradle/internal/vfs/impl/DefaultFileSystemAccess
Event: 1.377 loading class org/gradle/internal/vfs/impl/DefaultFileSystemAccess done
Event: 1.377 Executing VM operation: G1CollectForAllocation
Event: 1.383 Executing VM operation: G1CollectForAllocation done
Event: 1.383 Executing VM operation: RevokeBias
Event: 1.383 Executing VM operation: RevokeBias done
Event: 1.383 Executing VM operation: BulkRevokeBias
Event: 1.384 Executing coalesced safepoint VM operation: BulkRevokeBias
Event: 1.384 Executing coalesced safepoint VM operation: BulkRevokeBias done
Event: 1.384 Executing VM operation: BulkRevokeBias done
Event: 1.384 loading class org/gradle/workers/internal/WorkersServices$BuildSessionScopeServices
Event: 1.384 loading class org/gradle/workers/internal/WorkersServices$BuildSessionScopeServices done
Event: 1.385 loading class org/gradle/process/internal/worker/child/WorkerDirectoryProvider
Event: 1.385 loading class org/gradle/process/internal/worker/child/WorkerDirectoryProvider done
Event: 1.385 loading class org/gradle/internal/work/ConditionalExecutionQueueFactory
Event: 1.385 loading class org/gradle/internal/work/ConditionalExecutionQueueFactory done
Event: 1.385 loading class org/gradle/workers/internal/WorkerExecutionQueueFactory
Event: 1.385 loading class org/gradle/workers/internal/WorkerExecutionQueueFactory done


Dynamic libraries:
00400000-00401000 r-xp 00000000 07:02 62                                 /snap/android-studio/114/android-studio/jre/bin/java
00600000-00601000 r--p 00000000 07:02 62                                 /snap/android-studio/114/android-studio/jre/bin/java
00601000-00602000 rw-p 00001000 07:02 62                                 /snap/android-studio/114/android-studio/jre/bin/java
01b46000-01b67000 rw-p 00000000 00:00 0                                  [heap]
80000000-8fa00000 rw-p 00000000 00:00 0 
8fa00000-100000000 ---p 00000000 00:00 0 
100000000-100240000 rw-p 00000000 00:00 0 
100240000-140000000 ---p 00000000 00:00 0 
7fec60000000-7fec60021000 rw-p 00000000 00:00 0 
7fec60021000-7fec64000000 ---p 00000000 00:00 0 
7fec68000000-7fec68021000 rw-p 00000000 00:00 0 
7fec68021000-7fec6c000000 ---p 00000000 00:00 0 
7fec6c000000-7fec6c021000 rw-p 00000000 00:00 0 
7fec6c021000-7fec70000000 ---p 00000000 00:00 0 
7fec70000000-7fec70021000 rw-p 00000000 00:00 0 
7fec70021000-7fec74000000 ---p 00000000 00:00 0 
7fec74000000-7fec74021000 rw-p 00000000 00:00 0 
7fec74021000-7fec78000000 ---p 00000000 00:00 0 
7fec78000000-7fec78021000 rw-p 00000000 00:00 0 
7fec78021000-7fec7c000000 ---p 00000000 00:00 0 
7fec7c000000-7fec7c021000 rw-p 00000000 00:00 0 
7fec7c021000-7fec80000000 ---p 00000000 00:00 0 
7fec80000000-7fec80021000 rw-p 00000000 00:00 0 
7fec80021000-7fec84000000 ---p 00000000 00:00 0 
7fec84000000-7fec8409e000 rw-p 00000000 00:00 0 
7fec8409e000-7fec88000000 ---p 00000000 00:00 0 
7fec88000000-7fec88021000 rw-p 00000000 00:00 0 
7fec88021000-7fec8c000000 ---p 00000000 00:00 0 
7fec8c000000-7fec8c0da000 rw-p 00000000 00:00 0 
7fec8c0da000-7fec90000000 ---p 00000000 00:00 0 
7fec90000000-7fec90076000 rw-p 00000000 00:00 0 
7fec90076000-7fec94000000 ---p 00000000 00:00 0 
7fec94000000-7fec94021000 rw-p 00000000 00:00 0 
7fec94021000-7fec98000000 ---p 00000000 00:00 0 
7fec98000000-7fec98021000 rw-p 00000000 00:00 0 
7fec98021000-7fec9c000000 ---p 00000000 00:00 0 
7fec9c000000-7fec9c021000 rw-p 00000000 00:00 0 
7fec9c021000-7feca0000000 ---p 00000000 00:00 0 
7feca0000000-7feca0021000 rw-p 00000000 00:00 0 
7feca0021000-7feca4000000 ---p 00000000 00:00 0 
7feca4000000-7feca4021000 rw-p 00000000 00:00 0 
7feca4021000-7feca8000000 ---p 00000000 00:00 0 
7feca8000000-7feca8021000 rw-p 00000000 00:00 0 
7feca8021000-7fecac000000 ---p 00000000 00:00 0 
7fecac000000-7fecac021000 rw-p 00000000 00:00 0 
7fecac021000-7fecb0000000 ---p 00000000 00:00 0 
7fecb0000000-7fecb0722000 rw-p 00000000 00:00 0 
7fecb0722000-7fecb4000000 ---p 00000000 00:00 0 
7fecb545b000-7fecb56a3000 rw-p 00000000 00:00 0 
7fecb56a3000-7fecb56a4000 ---p 00000000 00:00 0 
7fecb56a4000-7fecb57a5000 rw-p 00000000 00:00 0 
7fecb57a5000-7fecb57a6000 ---p 00000000 00:00 0 
7fecb57a6000-7fecb58a7000 rw-p 00000000 00:00 0 
7fecb58a7000-7fecb58a8000 ---p 00000000 00:00 0 
7fecb58a8000-7fecb59a9000 rw-p 00000000 00:00 0 
7fecb59a9000-7fecb59aa000 ---p 00000000 00:00 0 
7fecb59aa000-7fecb5aab000 rw-p 00000000 00:00 0 
7fecb5aab000-7fecb5aaf000 ---p 00000000 00:00 0 
7fecb5aaf000-7fecb5bac000 rw-p 00000000 00:00 0 
7fecb5bac000-7fecb5bb0000 ---p 00000000 00:00 0 
7fecb5bb0000-7fecb5cad000 rw-p 00000000 00:00 0 
7fecb5cad000-7fecb5cb1000 ---p 00000000 00:00 0 
7fecb5cb1000-7fecb5dae000 rw-p 00000000 00:00 0 
7fecb5dae000-7fecb5db2000 ---p 00000000 00:00 0 
7fecb5db2000-7fecb5eaf000 rw-p 00000000 00:00 0 
7fecb5eaf000-7fecb5eb3000 ---p 00000000 00:00 0 
7fecb5eb3000-7fecb6130000 rw-p 00000000 00:00 0 
7fecb6130000-7fecb61b0000 ---p 00000000 00:00 0 
7fecb61b0000-7fecb61b4000 ---p 00000000 00:00 0 
7fecb61b4000-7fecb62b1000 rw-p 00000000 00:00 0 
7fecb62b1000-7fecb62b5000 ---p 00000000 00:00 0 
7fecb62b5000-7fecb63b2000 rw-p 00000000 00:00 0 
7fecb64a7000-7fecb64ab000 ---p 00000000 00:00 0 
7fecb64ab000-7fecb65a8000 rw-p 00000000 00:00 0 
7fecb65a8000-7fecb65ac000 ---p 00000000 00:00 0 
7fecb65ac000-7fecb66a9000 rw-p 00000000 00:00 0 
7fecb66a9000-7fecb66ab000 r-xp 00000000 07:02 437                        /snap/android-studio/114/android-studio/jre/lib/libextnet.so
7fecb66ab000-7fecb68aa000 ---p 00002000 07:02 437                        /snap/android-studio/114/android-studio/jre/lib/libextnet.so
7fecb68aa000-7fecb68ab000 r--p 00001000 07:02 437                        /snap/android-studio/114/android-studio/jre/lib/libextnet.so
7fecb68ab000-7fecb68ac000 rw-p 00002000 07:02 437                        /snap/android-studio/114/android-studio/jre/lib/libextnet.so
7fecb68ac000-7fecb6aac000 rw-p 00000000 00:00 0 
7fecb6aac000-7fecb6ab0000 ---p 00000000 00:00 0 
7fecb6ab0000-7fecb6bad000 rw-p 00000000 00:00 0 
7fecb6bad000-7fecb6bb2000 r-xp 00000000 07:02 454                        /snap/android-studio/114/android-studio/jre/lib/libmanagement_ext.so
7fecb6bb2000-7fecb6db1000 ---p 00005000 07:02 454                        /snap/android-studio/114/android-studio/jre/lib/libmanagement_ext.so
7fecb6db1000-7fecb6db2000 r--p 00004000 07:02 454                        /snap/android-studio/114/android-studio/jre/lib/libmanagement_ext.so
7fecb6db2000-7fecb6db3000 rw-p 00005000 07:02 454                        /snap/android-studio/114/android-studio/jre/lib/libmanagement_ext.so
7fecb6db3000-7fecb6db7000 r-xp 00000000 07:02 452                        /snap/android-studio/114/android-studio/jre/lib/libmanagement.so
7fecb6db7000-7fecb6fb6000 ---p 00004000 07:02 452                        /snap/android-studio/114/android-studio/jre/lib/libmanagement.so
7fecb6fb6000-7fecb6fb7000 r--p 00003000 07:02 452                        /snap/android-studio/114/android-studio/jre/lib/libmanagement.so
7fecb6fb7000-7fecb6fb8000 rw-p 00004000 07:02 452                        /snap/android-studio/114/android-studio/jre/lib/libmanagement.so
7fecb6fb8000-7fecb71b8000 rw-p 00000000 00:00 0 
7fecb71b8000-7fecb71b9000 ---p 00000000 00:00 0 
7fecb71b9000-7fecb72ba000 rw-p 00000000 00:00 0 
7fecb72ba000-7fecb72bb000 ---p 00000000 00:00 0 
7fecb72bb000-7fecb73bc000 rw-p 00000000 00:00 0 
7fecb73bc000-7fecb73bd000 ---p 00000000 00:00 0 
7fecb73bd000-7fecb74be000 rw-p 00000000 00:00 0 
7fecb74be000-7fecb74bf000 ---p 00000000 00:00 0 
7fecb74bf000-7fecb75c0000 rw-p 00000000 00:00 0 
7fecb75c0000-7fecb75c1000 ---p 00000000 00:00 0 
7fecb75c1000-7fecb78c2000 rw-p 00000000 00:00 0 
7fecb78c2000-7fecb7958000 r--p 00000000 08:14 5767771                    /usr/lib/x86_64-linux-gnu/libstdc++.so.6.0.28
7fecb7958000-7fecb7a49000 r-xp 00096000 08:14 5767771                    /usr/lib/x86_64-linux-gnu/libstdc++.so.6.0.28
7fecb7a49000-7fecb7a92000 r--p 00187000 08:14 5767771                    /usr/lib/x86_64-linux-gnu/libstdc++.so.6.0.28
7fecb7a92000-7fecb7a93000 ---p 001d0000 08:14 5767771                    /usr/lib/x86_64-linux-gnu/libstdc++.so.6.0.28
7fecb7a93000-7fecb7a9e000 r--p 001d0000 08:14 5767771                    /usr/lib/x86_64-linux-gnu/libstdc++.so.6.0.28
7fecb7a9e000-7fecb7aa1000 rw-p 001db000 08:14 5767771                    /usr/lib/x86_64-linux-gnu/libstdc++.so.6.0.28
7fecb7aa1000-7fecb7aa4000 rw-p 00000000 00:00 0 
7fecb7aa4000-7fecb7af5000 r-xp 00000000 08:15 7218823                    /home/kaustubh/.gradle/native/53dbd7edfb1c66fb8903c78663c9afc45aea4f116125fa6feffd364cf09443e8/linux-amd64/libnative-platform-file-events.so
7fecb7af5000-7fecb7cf5000 ---p 00051000 08:15 7218823                    /home/kaustubh/.gradle/native/53dbd7edfb1c66fb8903c78663c9afc45aea4f116125fa6feffd364cf09443e8/linux-amd64/libnative-platform-file-events.so
7fecb7cf5000-7fecb7cf6000 r--p 00051000 08:15 7218823                    /home/kaustubh/.gradle/native/53dbd7edfb1c66fb8903c78663c9afc45aea4f116125fa6feffd364cf09443e8/linux-amd64/libnative-platform-file-events.so
7fecb7cf6000-7fecb7cf8000 rw-p 00052000 08:15 7218823                    /home/kaustubh/.gradle/native/53dbd7edfb1c66fb8903c78663c9afc45aea4f116125fa6feffd364cf09443e8/linux-amd64/libnative-platform-file-events.so
7fecb7cf8000-7fecb7cfd000 r-xp 00000000 08:15 7218814                    /home/kaustubh/.gradle/native/8bec1ad78214c89d9ad589b4d07fe93259594b29d510b10fafb7a158f7737e5d/linux-amd64/libnative-platform.so
7fecb7cfd000-7fecb7efd000 ---p 00005000 08:15 7218814                    /home/kaustubh/.gradle/native/8bec1ad78214c89d9ad589b4d07fe93259594b29d510b10fafb7a158f7737e5d/linux-amd64/libnative-platform.so
7fecb7efd000-7fecb7efe000 r--p 00005000 08:15 7218814                    /home/kaustubh/.gradle/native/8bec1ad78214c89d9ad589b4d07fe93259594b29d510b10fafb7a158f7737e5d/linux-amd64/libnative-platform.so
7fecb7efe000-7fecb7eff000 rw-p 00006000 08:15 7218814                    /home/kaustubh/.gradle/native/8bec1ad78214c89d9ad589b4d07fe93259594b29d510b10fafb7a158f7737e5d/linux-amd64/libnative-platform.so
7fecb7eff000-7fecb7f03000 ---p 00000000 00:00 0 
7fecb7f03000-7fecb8000000 rw-p 00000000 00:00 0 
7fecb8000000-7fecb8021000 rw-p 00000000 00:00 0 
7fecb8021000-7fecbc000000 ---p 00000000 00:00 0 
7fecbc000000-7fecbc6e8000 rw-p 00000000 00:00 0 
7fecbc6e8000-7fecc0000000 ---p 00000000 00:00 0 
7fecc0000000-7fecc0021000 rw-p 00000000 00:00 0 
7fecc0021000-7fecc4000000 ---p 00000000 00:00 0 
7fecc4000000-7fecc4021000 rw-p 00000000 00:00 0 
7fecc4021000-7fecc8000000 ---p 00000000 00:00 0 
7fecc8000000-7fecc8fba000 rw-p 00000000 00:00 0 
7fecc8fba000-7feccc000000 ---p 00000000 00:00 0 
7feccc000000-7feccc6e3000 rw-p 00000000 00:00 0 
7feccc6e3000-7fecd0000000 ---p 00000000 00:00 0 
7fecd0000000-7fecd0021000 rw-p 00000000 00:00 0 
7fecd0021000-7fecd4000000 ---p 00000000 00:00 0 
7fecd4000000-7fecd4021000 rw-p 00000000 00:00 0 
7fecd4021000-7fecd8000000 ---p 00000000 00:00 0 
7fecd8000000-7fecd8021000 rw-p 00000000 00:00 0 
7fecd8021000-7fecdc000000 ---p 00000000 00:00 0 
7fecdc000000-7fecdc021000 rw-p 00000000 00:00 0 
7fecdc021000-7fece0000000 ---p 00000000 00:00 0 
7fece0000000-7fece0021000 rw-p 00000000 00:00 0 
7fece0021000-7fece4000000 ---p 00000000 00:00 0 
7fece4000000-7fece4090000 rw-p 00000000 00:00 0 
7fece4090000-7fece8000000 ---p 00000000 00:00 0 
7fece8000000-7fece8144000 rw-p 00000000 00:00 0 
7fece8144000-7fecec000000 ---p 00000000 00:00 0 
7fecec014000-7fecec017000 r--p 00000000 08:14 4980752                    /lib/x86_64-linux-gnu/libgcc_s.so.1
7fecec017000-7fecec029000 r-xp 00003000 08:14 4980752                    /lib/x86_64-linux-gnu/libgcc_s.so.1
7fecec029000-7fecec02d000 r--p 00015000 08:14 4980752                    /lib/x86_64-linux-gnu/libgcc_s.so.1
7fecec02d000-7fecec02e000 r--p 00018000 08:14 4980752                    /lib/x86_64-linux-gnu/libgcc_s.so.1
7fecec02e000-7fecec02f000 rw-p 00019000 08:14 4980752                    /lib/x86_64-linux-gnu/libgcc_s.so.1
7fecec04d000-7fecec051000 ---p 00000000 00:00 0 
7fecec051000-7fecec17f000 rw-p 00000000 00:00 0 
7fecec17f000-7fecec193000 r-xp 00000000 07:02 456                        /snap/android-studio/114/android-studio/jre/lib/libnet.so
7fecec193000-7fecec392000 ---p 00014000 07:02 456                        /snap/android-studio/114/android-studio/jre/lib/libnet.so
7fecec392000-7fecec393000 r--p 00013000 07:02 456                        /snap/android-studio/114/android-studio/jre/lib/libnet.so
7fecec393000-7fecec394000 rw-p 00014000 07:02 456                        /snap/android-studio/114/android-studio/jre/lib/libnet.so
7fecec394000-7fecec3a3000 r-xp 00000000 07:02 457                        /snap/android-studio/114/android-studio/jre/lib/libnio.so
7fecec3a3000-7fecec5a2000 ---p 0000f000 07:02 457                        /snap/android-studio/114/android-studio/jre/lib/libnio.so
7fecec5a2000-7fecec5a3000 r--p 0000e000 07:02 457                        /snap/android-studio/114/android-studio/jre/lib/libnio.so
7fecec5a3000-7fecec5a4000 rw-p 0000f000 07:02 457                        /snap/android-studio/114/android-studio/jre/lib/libnio.so
7fecec5a4000-7fecec5a5000 ---p 00000000 00:00 0 
7fecec5a5000-7fecec6a6000 rw-p 00000000 00:00 0 
7fecec6a6000-7fecec6aa000 ---p 00000000 00:00 0 
7fecec6aa000-7fecec7a7000 rw-p 00000000 00:00 0 
7fecec7a7000-7fecec7ab000 ---p 00000000 00:00 0 
7fecec7ab000-7fecec8a8000 rw-p 00000000 00:00 0 
7fecec8a8000-7fecec8ac000 ---p 00000000 00:00 0 
7fecec8ac000-7fecec9a9000 rw-p 00000000 00:00 0 
7fecec9a9000-7fecec9ad000 ---p 00000000 00:00 0 
7fecec9ad000-7fececaaa000 rw-p 00000000 00:00 0 
7fececaaa000-7fececaae000 ---p 00000000 00:00 0 
7fececaae000-7fececbab000 rw-p 00000000 00:00 0 
7fececbab000-7fececbaf000 ---p 00000000 00:00 0 
7fececbaf000-7fececcac000 rw-p 00000000 00:00 0 
7fececcac000-7feced21c000 r--p 00000000 08:14 5770110                    /usr/lib/locale/locale-archive
7feced21c000-7feced220000 ---p 00000000 00:00 0 
7feced220000-7feced31d000 rw-p 00000000 00:00 0 
7feced31d000-7feced321000 ---p 00000000 00:00 0 
7feced321000-7feced41e000 rw-p 00000000 00:00 0 
7feced41e000-7feced41f000 ---p 00000000 00:00 0 
7feced41f000-7feceddfc000 rw-p 00000000 00:00 0 
7feceddfc000-7feceddfd000 ---p 00000000 00:00 0 
7feceddfd000-7fecedefe000 rw-p 00000000 00:00 0 
7fecedefe000-7fecedeff000 ---p 00000000 00:00 0 
7fecedeff000-7fecf0000000 rw-p 00000000 00:00 0 
7fecf0000000-7fecf0021000 rw-p 00000000 00:00 0 
7fecf0021000-7fecf4000000 ---p 00000000 00:00 0 
7fecf4000000-7fecf4021000 rw-p 00000000 00:00 0 
7fecf4021000-7fecf8000000 ---p 00000000 00:00 0 
7fecf8000000-7fecf83e8000 rw-p 00000000 00:00 0 
7fecf83e8000-7fecfa000000 ---p 00000000 00:00 0 
7fecfa000000-7fecfa3e8000 rw-p 00000000 00:00 0 
7fecfa3e8000-7fecfc000000 ---p 00000000 00:00 0 
7fecfc000000-7fecfc021000 rw-p 00000000 00:00 0 
7fecfc021000-7fed00000000 ---p 00000000 00:00 0 
7fed00000000-7fed00830000 rw-p 00000000 00:00 0 
7fed00830000-7fed00831000 ---p 00000000 00:00 0 
7fed00831000-7fed009af000 rw-p 00000000 00:00 0 
7fed009af000-7fed00d32000 ---p 00000000 00:00 0 
7fed00d32000-7fed00daf000 rw-p 00000000 00:00 0 
7fed00daf000-7fed01132000 ---p 00000000 00:00 0 
7fed01132000-7fed011af000 rw-p 00000000 00:00 0 
7fed011af000-7fed01532000 ---p 00000000 00:00 0 
7fed01532000-7fed017a2000 rwxp 00000000 00:00 0 
7fed017a2000-7fed01ac3000 ---p 00000000 00:00 0 
7fed01ac3000-7fed01de3000 rwxp 00000000 00:00 0 
7fed01de3000-7fed08ffa000 ---p 00000000 00:00 0 
7fed08ffa000-7fed0926a000 rwxp 00000000 00:00 0 
7fed0926a000-7fed10532000 ---p 00000000 00:00 0 
7fed10532000-7fed14000000 r--s 00000000 07:02 467                        /snap/android-studio/114/android-studio/jre/lib/modules
7fed14000000-7fed155c5000 rw-p 00000000 00:00 0 
7fed155c5000-7fed18000000 ---p 00000000 00:00 0 
7fed18017000-7fed18059000 rw-p 00000000 00:00 0 
7fed18059000-7fed1805a000 ---p 00000000 00:00 0 
7fed1805a000-7fed189e8000 rw-p 00000000 00:00 0 
7fed189e8000-7fed189e9000 ---p 00000000 00:00 0 
7fed189e9000-7fed18aef000 rw-p 00000000 00:00 0 
7fed18aef000-7fed18bd5000 ---p 00000000 00:00 0 
7fed18bd5000-7fed18bdc000 rw-p 00000000 00:00 0 
7fed18bdc000-7fed18cc0000 ---p 00000000 00:00 0 
7fed18cc0000-7fed18cdc000 r-xp 00000000 07:02 466                        /snap/android-studio/114/android-studio/jre/lib/libzip.so
7fed18cdc000-7fed18edb000 ---p 0001c000 07:02 466                        /snap/android-studio/114/android-studio/jre/lib/libzip.so
7fed18edb000-7fed18edc000 r--p 0001b000 07:02 466                        /snap/android-studio/114/android-studio/jre/lib/libzip.so
7fed18edc000-7fed18edd000 rw-p 0001c000 07:02 466                        /snap/android-studio/114/android-studio/jre/lib/libzip.so
7fed18edd000-7fed18ee0000 r--p 00000000 08:14 4981035                    /lib/x86_64-linux-gnu/libnss_files-2.31.so
7fed18ee0000-7fed18ee7000 r-xp 00003000 08:14 4981035                    /lib/x86_64-linux-gnu/libnss_files-2.31.so
7fed18ee7000-7fed18ee9000 r--p 0000a000 08:14 4981035                    /lib/x86_64-linux-gnu/libnss_files-2.31.so
7fed18ee9000-7fed18eea000 r--p 0000b000 08:14 4981035                    /lib/x86_64-linux-gnu/libnss_files-2.31.so
7fed18eea000-7fed18eeb000 rw-p 0000c000 08:14 4981035                    /lib/x86_64-linux-gnu/libnss_files-2.31.so
7fed18eeb000-7fed18ef1000 rw-p 00000000 00:00 0 
7fed18ef1000-7fed18ef6000 r--p 00000000 08:14 4981032                    /lib/x86_64-linux-gnu/libnsl-2.31.so
7fed18ef6000-7fed18f06000 r-xp 00005000 08:14 4981032                    /lib/x86_64-linux-gnu/libnsl-2.31.so
7fed18f06000-7fed18f0a000 r--p 00015000 08:14 4981032                    /lib/x86_64-linux-gnu/libnsl-2.31.so
7fed18f0a000-7fed18f0b000 r--p 00018000 08:14 4981032                    /lib/x86_64-linux-gnu/libnsl-2.31.so
7fed18f0b000-7fed18f0c000 rw-p 00019000 08:14 4981032                    /lib/x86_64-linux-gnu/libnsl-2.31.so
7fed18f0c000-7fed18f0e000 rw-p 00000000 00:00 0 
7fed18f11000-7fed18f18000 r--s 00000000 08:14 6033871                    /usr/lib/x86_64-linux-gnu/gconv/gconv-modules.cache
7fed18f18000-7fed18f1d000 rw-p 00000000 00:00 0 
7fed18f1d000-7fed18f24000 ---p 00000000 00:00 0 
7fed18f24000-7fed18f2c000 rw-s 00000000 08:14 6685383                    /tmp/hsperfdata_kaustubh/8721
7fed18f2c000-7fed18f49000 r-xp 00000000 07:02 448                        /snap/android-studio/114/android-studio/jre/lib/libjimage.so
7fed18f49000-7fed19148000 ---p 0001d000 07:02 448                        /snap/android-studio/114/android-studio/jre/lib/libjimage.so
7fed19148000-7fed1914a000 r--p 0001c000 07:02 448                        /snap/android-studio/114/android-studio/jre/lib/libjimage.so
7fed1914a000-7fed1914b000 rw-p 0001e000 07:02 448                        /snap/android-studio/114/android-studio/jre/lib/libjimage.so
7fed1914b000-7fed1915d000 rw-p 00000000 00:00 0 
7fed1915d000-7fed19182000 r-xp 00000000 07:02 444                        /snap/android-studio/114/android-studio/jre/lib/libjava.so
7fed19182000-7fed19382000 ---p 00025000 07:02 444                        /snap/android-studio/114/android-studio/jre/lib/libjava.so
7fed19382000-7fed19383000 r--p 00025000 07:02 444                        /snap/android-studio/114/android-studio/jre/lib/libjava.so
7fed19383000-7fed19384000 rw-p 00026000 07:02 444                        /snap/android-studio/114/android-studio/jre/lib/libjava.so
7fed19384000-7fed19391000 r-xp 00000000 07:02 465                        /snap/android-studio/114/android-studio/jre/lib/libverify.so
7fed19391000-7fed19591000 ---p 0000d000 07:02 465                        /snap/android-studio/114/android-studio/jre/lib/libverify.so
7fed19591000-7fed19593000 r--p 0000d000 07:02 465                        /snap/android-studio/114/android-studio/jre/lib/libverify.so
7fed19593000-7fed19594000 rw-p 0000f000 07:02 465                        /snap/android-studio/114/android-studio/jre/lib/libverify.so
7fed19594000-7fed19597000 r--p 00000000 08:14 4981042                    /lib/x86_64-linux-gnu/librt-2.31.so
7fed19597000-7fed1959b000 r-xp 00003000 08:14 4981042                    /lib/x86_64-linux-gnu/librt-2.31.so
7fed1959b000-7fed1959c000 r--p 00007000 08:14 4981042                    /lib/x86_64-linux-gnu/librt-2.31.so
7fed1959c000-7fed1959d000 ---p 00008000 08:14 4981042                    /lib/x86_64-linux-gnu/librt-2.31.so
7fed1959d000-7fed1959e000 r--p 00008000 08:14 4981042                    /lib/x86_64-linux-gnu/librt-2.31.so
7fed1959e000-7fed1959f000 rw-p 00009000 08:14 4981042                    /lib/x86_64-linux-gnu/librt-2.31.so
7fed1959f000-7fed195a3000 ---p 00000000 00:00 0 
7fed195a3000-7fed196a0000 rw-p 00000000 00:00 0 
7fed196a0000-7fed196af000 r--p 00000000 08:14 4981029                    /lib/x86_64-linux-gnu/libm-2.31.so
7fed196af000-7fed19756000 r-xp 0000f000 08:14 4981029                    /lib/x86_64-linux-gnu/libm-2.31.so
7fed19756000-7fed197ed000 r--p 000b6000 08:14 4981029                    /lib/x86_64-linux-gnu/libm-2.31.so
7fed197ed000-7fed197ee000 r--p 0014c000 08:14 4981029                    /lib/x86_64-linux-gnu/libm-2.31.so
7fed197ee000-7fed197ef000 rw-p 0014d000 08:14 4981029                    /lib/x86_64-linux-gnu/libm-2.31.so
7fed197ef000-7fed1a71b000 r-xp 00000000 07:02 478                        /snap/android-studio/114/android-studio/jre/lib/server/libjvm.so
7fed1a71b000-7fed1a91b000 ---p 00f2c000 07:02 478                        /snap/android-studio/114/android-studio/jre/lib/server/libjvm.so
7fed1a91b000-7fed1a9df000 r--p 00f2c000 07:02 478                        /snap/android-studio/114/android-studio/jre/lib/server/libjvm.so
7fed1a9df000-7fed1aa16000 rw-p 00ff0000 07:02 478                        /snap/android-studio/114/android-studio/jre/lib/server/libjvm.so
7fed1aa16000-7fed1aa80000 rw-p 00000000 00:00 0 
7fed1aa80000-7fed1aaa5000 r--p 00000000 08:14 4981027                    /lib/x86_64-linux-gnu/libc-2.31.so
7fed1aaa5000-7fed1ac1d000 r-xp 00025000 08:14 4981027                    /lib/x86_64-linux-gnu/libc-2.31.so
7fed1ac1d000-7fed1ac67000 r--p 0019d000 08:14 4981027                    /lib/x86_64-linux-gnu/libc-2.31.so
7fed1ac67000-7fed1ac68000 ---p 001e7000 08:14 4981027                    /lib/x86_64-linux-gnu/libc-2.31.so
7fed1ac68000-7fed1ac6b000 r--p 001e7000 08:14 4981027                    /lib/x86_64-linux-gnu/libc-2.31.so
7fed1ac6b000-7fed1ac6e000 rw-p 001ea000 08:14 4981027                    /lib/x86_64-linux-gnu/libc-2.31.so
7fed1ac6e000-7fed1ac72000 rw-p 00000000 00:00 0 
7fed1ac72000-7fed1ac73000 r--p 00000000 08:14 4981028                    /lib/x86_64-linux-gnu/libdl-2.31.so
7fed1ac73000-7fed1ac75000 r-xp 00001000 08:14 4981028                    /lib/x86_64-linux-gnu/libdl-2.31.so
7fed1ac75000-7fed1ac76000 r--p 00003000 08:14 4981028                    /lib/x86_64-linux-gnu/libdl-2.31.so
7fed1ac76000-7fed1ac77000 r--p 00003000 08:14 4981028                    /lib/x86_64-linux-gnu/libdl-2.31.so
7fed1ac77000-7fed1ac78000 rw-p 00004000 08:14 4981028                    /lib/x86_64-linux-gnu/libdl-2.31.so
7fed1ac78000-7fed1ac8e000 r-xp 00000000 07:02 428                        /snap/android-studio/114/android-studio/jre/lib/jli/libjli.so
7fed1ac8e000-7fed1ae8d000 ---p 00016000 07:02 428                        /snap/android-studio/114/android-studio/jre/lib/jli/libjli.so
7fed1ae8d000-7fed1ae8e000 r--p 00015000 07:02 428                        /snap/android-studio/114/android-studio/jre/lib/jli/libjli.so
7fed1ae8e000-7fed1ae8f000 rw-p 00016000 07:02 428                        /snap/android-studio/114/android-studio/jre/lib/jli/libjli.so
7fed1ae8f000-7fed1ae96000 r--p 00000000 08:14 4981040                    /lib/x86_64-linux-gnu/libpthread-2.31.so
7fed1ae96000-7fed1aea7000 r-xp 00007000 08:14 4981040                    /lib/x86_64-linux-gnu/libpthread-2.31.so
7fed1aea7000-7fed1aeac000 r--p 00018000 08:14 4981040                    /lib/x86_64-linux-gnu/libpthread-2.31.so
7fed1aeac000-7fed1aead000 r--p 0001c000 08:14 4981040                    /lib/x86_64-linux-gnu/libpthread-2.31.so
7fed1aead000-7fed1aeae000 rw-p 0001d000 08:14 4981040                    /lib/x86_64-linux-gnu/libpthread-2.31.so
7fed1aeae000-7fed1aeb2000 rw-p 00000000 00:00 0 
7fed1aeb3000-7fed1aeb6000 r--p 00000000 08:14 4981037                    /lib/x86_64-linux-gnu/libnss_nis-2.31.so
7fed1aeb6000-7fed1aebe000 r-xp 00003000 08:14 4981037                    /lib/x86_64-linux-gnu/libnss_nis-2.31.so
7fed1aebe000-7fed1aec0000 r--p 0000b000 08:14 4981037                    /lib/x86_64-linux-gnu/libnss_nis-2.31.so
7fed1aec0000-7fed1aec1000 r--p 0000c000 08:14 4981037                    /lib/x86_64-linux-gnu/libnss_nis-2.31.so
7fed1aec1000-7fed1aec2000 rw-p 0000d000 08:14 4981037                    /lib/x86_64-linux-gnu/libnss_nis-2.31.so
7fed1aec2000-7fed1aec4000 r--p 00000000 08:14 4981033                    /lib/x86_64-linux-gnu/libnss_compat-2.31.so
7fed1aec4000-7fed1aecb000 r-xp 00002000 08:14 4981033                    /lib/x86_64-linux-gnu/libnss_compat-2.31.so
7fed1aecb000-7fed1aecc000 r--p 00009000 08:14 4981033                    /lib/x86_64-linux-gnu/libnss_compat-2.31.so
7fed1aecc000-7fed1aecd000 r--p 00009000 08:14 4981033                    /lib/x86_64-linux-gnu/libnss_compat-2.31.so
7fed1aecd000-7fed1aece000 rw-p 0000a000 08:14 4981033                    /lib/x86_64-linux-gnu/libnss_compat-2.31.so
7fed1aece000-7fed1aecf000 ---p 00000000 00:00 0 
7fed1aecf000-7fed1aed0000 r--p 00000000 00:00 0 
7fed1aed0000-7fed1aed2000 rw-p 00000000 00:00 0 
7fed1aed2000-7fed1aed3000 r--p 00000000 08:14 4981023                    /lib/x86_64-linux-gnu/ld-2.31.so
7fed1aed3000-7fed1aef6000 r-xp 00001000 08:14 4981023                    /lib/x86_64-linux-gnu/ld-2.31.so
7fed1aef6000-7fed1aefe000 r--p 00024000 08:14 4981023                    /lib/x86_64-linux-gnu/ld-2.31.so
7fed1aeff000-7fed1af00000 r--p 0002c000 08:14 4981023                    /lib/x86_64-linux-gnu/ld-2.31.so
7fed1af00000-7fed1af01000 rw-p 0002d000 08:14 4981023                    /lib/x86_64-linux-gnu/ld-2.31.so
7fed1af01000-7fed1af02000 rw-p 00000000 00:00 0 
7fff3047e000-7fff3049f000 rw-p 00000000 00:00 0                          [stack]
7fff305e1000-7fff305e4000 r--p 00000000 00:00 0                          [vvar]
7fff305e4000-7fff305e5000 r-xp 00000000 00:00 0                          [vdso]
ffffffffff600000-ffffffffff601000 --xp 00000000 00:00 0                  [vsyscall]


VM Arguments:
jvm_args: --add-opens=java.base/java.util=ALL-UNNAMED --add-opens=java.base/java.lang=ALL-UNNAMED --add-opens=java.base/java.lang.invoke=ALL-UNNAMED --add-opens=java.base/java.util=ALL-UNNAMED --add-opens=java.prefs/java.util.prefs=ALL-UNNAMED --add-opens=java.prefs/java.util.prefs=ALL-UNNAMED --add-opens=java.base/java.nio.charset=ALL-UNNAMED --add-opens=java.base/java.net=ALL-UNNAMED --add-opens=java.base/java.util.concurrent.atomic=ALL-UNNAMED -Xmx2048m -Dfile.encoding=UTF-8 -Duser.country=IN -Duser.language=en -Duser.variant 
java_command: org.gradle.launcher.daemon.bootstrap.GradleDaemon 7.0.2
java_class_path (initial): /home/kaustubh/.gradle/wrapper/dists/gradle-7.0.2-bin/857tjihv64xamwrf0h14cai3r/gradle-7.0.2/lib/gradle-launcher-7.0.2.jar
Launcher Type: SUN_STANDARD

[Global flags]
     intx CICompilerCount                          = 4                                         {product} {ergonomic}
     uint ConcGCThreads                            = 2                                         {product} {ergonomic}
     uint G1ConcRefinementThreads                  = 8                                         {product} {ergonomic}
   size_t G1HeapRegionSize                         = 1048576                                   {product} {ergonomic}
    uintx GCDrainStackTargetSize                   = 64                                        {product} {ergonomic}
   size_t InitialHeapSize                          = 262144000                                 {product} {ergonomic}
   size_t MarkStackSize                            = 4194304                                   {product} {ergonomic}
   size_t MaxHeapSize                              = 2147483648                                {product} {command line}
   size_t MaxNewSize                               = 1287651328                                {product} {ergonomic}
   size_t MinHeapDeltaBytes                        = 1048576                                   {product} {ergonomic}
    uintx NonNMethodCodeHeapSize                   = 5836300                                {pd product} {ergonomic}
    uintx NonProfiledCodeHeapSize                  = 122910970                              {pd product} {ergonomic}
    uintx ProfiledCodeHeapSize                     = 122910970                              {pd product} {ergonomic}
    uintx ReservedCodeCacheSize                    = 251658240                              {pd product} {ergonomic}
     bool SegmentedCodeCache                       = true                                      {product} {ergonomic}
     bool UseCompressedClassPointers               = true                                 {lp64_product} {ergonomic}
     bool UseCompressedOops                        = true                                 {lp64_product} {ergonomic}
     bool UseG1GC                                  = true                                      {product} {ergonomic}

Logging:
Log output configuration:
 #0: stdout all=warning uptime,level,tags
 #1: stderr all=off uptime,level,tags

Environment Variables:
PATH=/usr/local/sbin:/usr/local/bin:/usr/sbin:/usr/bin:/sbin:/bin:/usr/games:/usr/local/games:/snap/bin
USERNAME=kaustubh
SHELL=/bin/bash
DISPLAY=:1
LANG=en_IN

Signal Handlers:
SIGSEGV: [libjvm.so+0xc2dd80], sa_mask[0]=11111111011111111101111111111110, sa_flags=SA_RESTART|SA_SIGINFO
SIGBUS: [libjvm.so+0xc2dd80], sa_mask[0]=11111111011111111101111111111110, sa_flags=SA_RESTART|SA_SIGINFO
SIGFPE: [libjvm.so+0xc2dd80], sa_mask[0]=11111111011111111101111111111110, sa_flags=SA_RESTART|SA_SIGINFO
SIGPIPE: [libjvm.so+0xa839f0], sa_mask[0]=11111111011111111101111111111110, sa_flags=SA_RESTART|SA_SIGINFO
SIGXFSZ: [libjvm.so+0xa839f0], sa_mask[0]=11111111011111111101111111111110, sa_flags=SA_RESTART|SA_SIGINFO
SIGILL: [libjvm.so+0xc2dd80], sa_mask[0]=11111111011111111101111111111110, sa_flags=SA_RESTART|SA_SIGINFO
SIGUSR2: [libjvm.so+0xa840d0], sa_mask[0]=00100000000000000000000000000000, sa_flags=SA_RESTART|SA_SIGINFO
SIGHUP: SIG_IGN, sa_mask[0]=00000000000000000000000000000000, sa_flags=none
SIGINT: [libjvm.so+0xa80ac0], sa_mask[0]=11111111011111111101111111111110, sa_flags=SA_RESTART|SA_SIGINFO
SIGTERM: [libjvm.so+0xa80ac0], sa_mask[0]=11111111011111111101111111111110, sa_flags=SA_RESTART|SA_SIGINFO
SIGQUIT: [libjvm.so+0xa80ac0], sa_mask[0]=11111111011111111101111111111110, sa_flags=SA_RESTART|SA_SIGINFO


---------------  S Y S T E M  ---------------

OS:DISTRIB_ID=Ubuntu
DISTRIB_RELEASE=20.04
DISTRIB_CODENAME=focal
DISTRIB_DESCRIPTION="Ubuntu 20.04.3 LTS"
uname:Linux 5.4.0-84-generic #94-Ubuntu SMP Thu Aug 26 20:27:37 UTC 2021 x86_64
OS uptime: 0 days 0:31 hours
libc:glibc 2.31 NPTL 2.31 
rlimit (soft/hard): STACK 8192k/infinity , CORE 0k/infinity , NPROC 63650/63650 , NOFILE 1048576/1048576 , AS infinity/infinity , CPU infinity/infinity , DATA infinity/infinity , FSIZE infinity/infinity , MEMLOCK 65536k/65536k
load average:2.44 1.50 1.55

/proc/meminfo:
MemTotal:       16353300 kB
MemFree:         7107308 kB
MemAvailable:   11512400 kB
Buffers:          836616 kB
Cached:          3507108 kB
SwapCached:            0 kB
Active:          6257896 kB
Inactive:        2080308 kB
Active(anon):    3996108 kB
Inactive(anon):    91524 kB
Active(file):    2261788 kB
Inactive(file):  1988784 kB
Unevictable:          52 kB
Mlocked:              52 kB
SwapTotal:      31999996 kB
SwapFree:       31999996 kB
Dirty:              1564 kB
Writeback:             0 kB
AnonPages:       3994672 kB
Mapped:           669448 kB
Shmem:             93164 kB
KReclaimable:     490508 kB
Slab:             701928 kB
SReclaimable:     490508 kB
SUnreclaim:       211420 kB
KernelStack:       16976 kB
PageTables:        34648 kB
NFS_Unstable:          0 kB
Bounce:                0 kB
WritebackTmp:          0 kB
CommitLimit:    40176644 kB
Committed_AS:   11605524 kB
VmallocTotal:   34359738367 kB
VmallocUsed:       57496 kB
VmallocChunk:          0 kB
Percpu:             7616 kB
HardwareCorrupted:     0 kB
AnonHugePages:     16384 kB
ShmemHugePages:        0 kB
ShmemPmdMapped:        0 kB
FileHugePages:         0 kB
FilePmdMapped:         0 kB
CmaTotal:              0 kB
CmaFree:               0 kB
HugePages_Total:       0
HugePages_Free:        0
HugePages_Rsvd:        0
HugePages_Surp:        0
Hugepagesize:       2048 kB
Hugetlb:               0 kB
DirectMap4k:      598180 kB
DirectMap2M:    16136192 kB

/sys/kernel/mm/transparent_hugepage/enabled:
always [madvise] never
/sys/kernel/mm/transparent_hugepage/defrag (defrag/compaction efforts parameter):
always defer defer+madvise [madvise] never

/proc/sys/kernel/threads-max (system-wide limit on the number of threads):
127300
/proc/sys/vm/max_map_count (maximum number of memory map areas a process may have):
65530
/proc/sys/kernel/pid_max (system-wide limit on number of process identifiers):
4194304

container (cgroup) information:
container_type: cgroupv1
cpu_cpuset_cpus: 0-7
cpu_memory_nodes: 0
active_processor_count: 8
cpu_quota: -1
cpu_period: 100000
cpu_shares: -1
memory_limit_in_bytes: -1
memory_and_swap_limit_in_bytes: -2
memory_soft_limit_in_bytes: -1
memory_usage_in_bytes: 6516801536
memory_max_usage_in_bytes: 7099809792

Steal ticks since vm start: 0
Steal ticks percentage since vm start:  0.000

CPU:total 8 (initial active 8) (4 cores per cpu, 2 threads per core) family 6 model 42 stepping 7 microcode 0x2f, cmov, cx8, fxsr, mmx, sse, sse2, sse3, ssse3, sse4.1, sse4.2, popcnt, avx, aes, clmul, ht, tsc, tscinvbit
CPU Model and flags from /proc/cpuinfo:
model name	: Intel(R) Core(TM) i7-2600S CPU @ 2.80GHz
flags		: fpu vme de pse tsc msr pae mce cx8 apic sep mtrr pge mca cmov pat pse36 clflush dts acpi mmx fxsr sse sse2 ht tm pbe syscall nx rdtscp lm constant_tsc arch_perfmon pebs bts rep_good nopl xtopology nonstop_tsc cpuid aperfmperf pni pclmulqdq dtes64 monitor ds_cpl vmx smx est tm2 ssse3 cx16 xtpr pdcm pcid sse4_1 sse4_2 x2apic popcnt tsc_deadline_timer aes xsave avx lahf_lm epb pti ssbd ibrs ibpb stibp tpr_shadow vnmi flexpriority ept vpid xsaveopt dtherm ida arat pln pts md_clear flush_l1d
Online cpus:
0-7
Offline cpus:

BIOS frequency limitation:
<Not Available>
Frequency switch latency (ns):
0
Available cpu frequencies:
<Not Available>
Current governor:
powersave
Core performance/turbo boost:
<Not Available>

Memory: 4k page, physical 16353300k(7107308k free), swap 31999996k(31999996k free)

vm_info: OpenJDK 64-Bit Server VM (11.0.10+0-b96-7249189) for linux-amd64 JRE (11.0.10+0-b96-7249189), built on Mar 31 2021 19:21:57 by "androidbuild" with gcc Android (6875598, based on r399163b) Clang 11.0.5 (https://android.googlesource.com/toolchain/llvm-project 87f1315dfbea7c137aa2e6d362dbb457e388158d)

END.
